{"/home/travis/build/npmtest/node-npmtest-loadtest/test.js":{"path":"/home/travis/build/npmtest/node-npmtest-loadtest/test.js","s":{"1":2,"2":2,"3":2,"4":2,"5":2,"6":2,"7":2,"8":1,"9":2,"10":2,"11":1,"12":1,"13":1,"14":1,"15":2,"16":2,"17":2,"18":2,"19":1,"20":1,"21":2,"22":2,"23":2,"24":1,"25":1,"26":1,"27":1,"28":1,"29":1,"30":1,"31":1,"32":1,"33":1,"34":1,"35":1,"36":1,"37":2,"38":2,"39":1,"40":2,"41":2,"42":1,"43":2,"44":2,"45":1,"46":2,"47":2,"48":1,"49":1,"50":1,"51":1,"52":1},"b":{"1":[2,1,1,1],"2":[1,1,1,1],"3":[1,1],"4":[1,1],"5":[1,1],"6":[1,1],"7":[1,1],"8":[1,1],"9":[1,1,1],"10":[1,1],"11":[1,1],"12":[1,1],"13":[1,1],"14":[1,1],"15":[1,1],"16":[1,1]},"f":{"1":2,"2":2,"3":2,"4":2,"5":2,"6":1,"7":1,"8":2,"9":2,"10":2,"11":2,"12":1},"fnMap":{"1":{"name":"(anonymous_1)","line":12,"loc":{"start":{"line":12,"column":1},"end":{"line":12,"column":13}}},"2":{"name":"(anonymous_2)","line":19,"loc":{"start":{"line":19,"column":5},"end":{"line":19,"column":17}}},"3":{"name":"(anonymous_3)","line":23,"loc":{"start":{"line":23,"column":24},"end":{"line":23,"column":36}}},"4":{"name":"(anonymous_4)","line":61,"loc":{"start":{"line":61,"column":5},"end":{"line":61,"column":17}}},"5":{"name":"(anonymous_5)","line":82,"loc":{"start":{"line":82,"column":5},"end":{"line":82,"column":17}}},"6":{"name":"(anonymous_6)","line":102,"loc":{"start":{"line":102,"column":83},"end":{"line":105,"column":10}},"skip":true},"7":{"name":"(anonymous_7)","line":113,"loc":{"start":{"line":113,"column":77},"end":{"line":116,"column":10}},"skip":true},"8":{"name":"(anonymous_8)","line":129,"loc":{"start":{"line":129,"column":12},"end":{"line":129,"column":40}},"skip":true},"9":{"name":"(anonymous_9)","line":137,"loc":{"start":{"line":137,"column":77},"end":{"line":140,"column":10}},"skip":true},"10":{"name":"(anonymous_10)","line":148,"loc":{"start":{"line":148,"column":83},"end":{"line":151,"column":10}},"skip":true},"11":{"name":"(anonymous_11)","line":159,"loc":{"start":{"line":159,"column":79},"end":{"line":162,"column":10}},"skip":true},"12":{"name":"(anonymous_12)","line":170,"loc":{"start":{"line":170,"column":75},"end":{"line":173,"column":10}},"skip":true}},"statementMap":{"1":{"start":{"line":12,"column":0},"end":{"line":185,"column":5}},"2":{"start":{"line":14,"column":4},"end":{"line":14,"column":14}},"3":{"start":{"line":19,"column":4},"end":{"line":56,"column":9}},"4":{"start":{"line":21,"column":8},"end":{"line":21,"column":19}},"5":{"start":{"line":23,"column":8},"end":{"line":35,"column":13}},"6":{"start":{"line":24,"column":12},"end":{"line":34,"column":13}},"7":{"start":{"line":25,"column":16},"end":{"line":28,"column":30}},"8":{"start":{"line":30,"column":16},"end":{"line":33,"column":27}},"9":{"start":{"line":37,"column":8},"end":{"line":39,"column":21}},"10":{"start":{"line":40,"column":8},"end":{"line":53,"column":9}},"11":{"start":{"line":43,"column":12},"end":{"line":46,"column":14}},"12":{"start":{"line":47,"column":12},"end":{"line":47,"column":18}},"13":{"start":{"line":50,"column":12},"end":{"line":51,"column":46}},"14":{"start":{"line":52,"column":12},"end":{"line":52,"column":18}},"15":{"start":{"line":55,"column":8},"end":{"line":55,"column":35}},"16":{"start":{"line":61,"column":4},"end":{"line":63,"column":9}},"17":{"start":{"line":62,"column":8},"end":{"line":62,"column":15}},"18":{"start":{"line":64,"column":4},"end":{"line":77,"column":5}},"19":{"start":{"line":70,"column":8},"end":{"line":70,"column":14}},"20":{"start":{"line":76,"column":8},"end":{"line":76,"column":14}},"21":{"start":{"line":82,"column":4},"end":{"line":84,"column":9}},"22":{"start":{"line":83,"column":8},"end":{"line":83,"column":15}},"23":{"start":{"line":85,"column":4},"end":{"line":184,"column":5}},"24":{"start":{"line":92,"column":8},"end":{"line":94,"column":63}},"25":{"start":{"line":95,"column":8},"end":{"line":95,"column":14}},"26":{"start":{"line":102,"column":8},"end":{"line":111,"column":10},"skip":true},"27":{"start":{"line":109,"column":12},"end":{"line":109,"column":55},"skip":true},"28":{"start":{"line":110,"column":12},"end":{"line":110,"column":48},"skip":true},"29":{"start":{"line":113,"column":8},"end":{"line":126,"column":10},"skip":true},"30":{"start":{"line":120,"column":12},"end":{"line":120,"column":76},"skip":true},"31":{"start":{"line":121,"column":12},"end":{"line":121,"column":73},"skip":true},"32":{"start":{"line":122,"column":12},"end":{"line":122,"column":74},"skip":true},"33":{"start":{"line":123,"column":12},"end":{"line":123,"column":79},"skip":true},"34":{"start":{"line":124,"column":12},"end":{"line":124,"column":25},"skip":true},"35":{"start":{"line":125,"column":12},"end":{"line":125,"column":45},"skip":true},"36":{"start":{"line":128,"column":8},"end":{"line":135,"column":14},"skip":true},"37":{"start":{"line":133,"column":16},"end":{"line":133,"column":29},"skip":true},"38":{"start":{"line":134,"column":16},"end":{"line":134,"column":55},"skip":true},"39":{"start":{"line":137,"column":8},"end":{"line":146,"column":10},"skip":true},"40":{"start":{"line":144,"column":12},"end":{"line":144,"column":25},"skip":true},"41":{"start":{"line":145,"column":12},"end":{"line":145,"column":45},"skip":true},"42":{"start":{"line":148,"column":8},"end":{"line":157,"column":10},"skip":true},"43":{"start":{"line":155,"column":12},"end":{"line":155,"column":25},"skip":true},"44":{"start":{"line":156,"column":12},"end":{"line":156,"column":48},"skip":true},"45":{"start":{"line":159,"column":8},"end":{"line":168,"column":10},"skip":true},"46":{"start":{"line":166,"column":12},"end":{"line":166,"column":25},"skip":true},"47":{"start":{"line":167,"column":12},"end":{"line":167,"column":46},"skip":true},"48":{"start":{"line":170,"column":8},"end":{"line":179,"column":10},"skip":true},"49":{"start":{"line":177,"column":12},"end":{"line":177,"column":94},"skip":true},"50":{"start":{"line":178,"column":12},"end":{"line":178,"column":48},"skip":true},"51":{"start":{"line":182,"column":8},"end":{"line":182,"column":35},"skip":true},"52":{"start":{"line":183,"column":8},"end":{"line":183,"column":14},"skip":true}},"branchMap":{"1":{"line":25,"type":"binary-expr","locations":[{"start":{"line":25,"column":23},"end":{"line":25,"column":62}},{"start":{"line":26,"column":20},"end":{"line":26,"column":70}},{"start":{"line":27,"column":20},"end":{"line":27,"column":71}},{"start":{"line":28,"column":20},"end":{"line":28,"column":29}}]},"2":{"line":30,"type":"binary-expr","locations":[{"start":{"line":30,"column":23},"end":{"line":30,"column":37}},{"start":{"line":31,"column":20},"end":{"line":31,"column":61}},{"start":{"line":32,"column":20},"end":{"line":32,"column":70}},{"start":{"line":33,"column":20},"end":{"line":33,"column":26}}]},"3":{"line":37,"type":"cond-expr","locations":[{"start":{"line":38,"column":14},"end":{"line":38,"column":20}},{"start":{"line":39,"column":14},"end":{"line":39,"column":20}}]},"4":{"line":40,"type":"switch","locations":[{"start":{"line":42,"column":8},"end":{"line":47,"column":18}},{"start":{"line":49,"column":8},"end":{"line":52,"column":18}}]},"5":{"line":44,"type":"binary-expr","locations":[{"start":{"line":44,"column":16},"end":{"line":44,"column":44}},{"start":{"line":44,"column":48},"end":{"line":44,"column":66}}]},"6":{"line":50,"type":"binary-expr","locations":[{"start":{"line":50,"column":21},"end":{"line":50,"column":49}},{"start":{"line":50,"column":53},"end":{"line":50,"column":72}}]},"7":{"line":64,"type":"switch","locations":[{"start":{"line":69,"column":4},"end":{"line":70,"column":14}},{"start":{"line":75,"column":4},"end":{"line":76,"column":14}}]},"8":{"line":85,"type":"switch","locations":[{"start":{"line":90,"column":4},"end":{"line":95,"column":14}},{"start":{"line":101,"column":4},"end":{"line":183,"column":14},"skip":true}]},"9":{"line":92,"type":"binary-expr","locations":[{"start":{"line":92,"column":18},"end":{"line":92,"column":32}},{"start":{"line":93,"column":12},"end":{"line":93,"column":53}},{"start":{"line":94,"column":12},"end":{"line":94,"column":61}}]},"10":{"line":102,"type":"binary-expr","locations":[{"start":{"line":102,"column":45},"end":{"line":102,"column":79},"skip":true},{"start":{"line":102,"column":83},"end":{"line":111,"column":9},"skip":true}]},"11":{"line":113,"type":"binary-expr","locations":[{"start":{"line":113,"column":42},"end":{"line":113,"column":73},"skip":true},{"start":{"line":113,"column":77},"end":{"line":126,"column":9},"skip":true}]},"12":{"line":128,"type":"binary-expr","locations":[{"start":{"line":128,"column":48},"end":{"line":128,"column":85},"skip":true},{"start":{"line":129,"column":12},"end":{"line":135,"column":13},"skip":true}]},"13":{"line":137,"type":"binary-expr","locations":[{"start":{"line":137,"column":42},"end":{"line":137,"column":73},"skip":true},{"start":{"line":137,"column":77},"end":{"line":146,"column":9},"skip":true}]},"14":{"line":148,"type":"binary-expr","locations":[{"start":{"line":148,"column":45},"end":{"line":148,"column":79},"skip":true},{"start":{"line":148,"column":83},"end":{"line":157,"column":9},"skip":true}]},"15":{"line":159,"type":"binary-expr","locations":[{"start":{"line":159,"column":43},"end":{"line":159,"column":75},"skip":true},{"start":{"line":159,"column":79},"end":{"line":168,"column":9},"skip":true}]},"16":{"line":170,"type":"binary-expr","locations":[{"start":{"line":170,"column":41},"end":{"line":170,"column":71},"skip":true},{"start":{"line":170,"column":75},"end":{"line":179,"column":9},"skip":true}]}},"code":["/* istanbul instrument in package npmtest_loadtest */","/*jslint","    bitwise: true,","    browser: true,","    maxerr: 8,","    maxlen: 96,","    node: true,","    nomen: true,","    regexp: true,","    stupid: true","*/","(function () {","    'use strict';","    var local;","","","","    // run shared js-env code - pre-init","    (function () {","        // init local","        local = {};","        // init modeJs","        local.modeJs = (function () {","            try {","                return typeof navigator.userAgent === 'string' &&","                    typeof document.querySelector('body') === 'object' &&","                    typeof XMLHttpRequest.prototype.open === 'function' &&","                    'browser';","            } catch (errorCaughtBrowser) {","                return module.exports &&","                    typeof process.versions.node === 'string' &&","                    typeof require('http').createServer === 'function' &&","                    'node';","            }","        }());","        // init global","        local.global = local.modeJs === 'browser'","            ? window","            : global;","        switch (local.modeJs) {","        // re-init local from window.local","        case 'browser':","            local = local.global.utility2.objectSetDefault(","                local.global.utility2_rollup || local.global.local,","                local.global.utility2","            );","            break;","        // re-init local from example.js","        case 'node':","            local = (local.global.utility2_rollup || require('utility2'))","                .requireExampleJsFromReadme();","            break;","        }","        // export local","        local.global.local = local;","    }());","","","","    // run shared js-env code - function","    (function () {","        return;","    }());","    switch (local.modeJs) {","","","","    // run browser js-env code - function","    case 'browser':","        break;","","","","    // run node js-env code - function","    case 'node':","        break;","    }","","","","    // run shared js-env code - post-init","    (function () {","        return;","    }());","    switch (local.modeJs) {","","","","    // run browser js-env code - post-init","    case 'browser':","        // run tests","        local.nop(local.modeTest &&","            document.querySelector('#testRunButton1') &&","            document.querySelector('#testRunButton1').click());","        break;","","","","    // run node js-env code - post-init","    /* istanbul ignore next */","    case 'node':","        local.testCase_buildApidoc_default = local.testCase_buildApidoc_default || function (","            options,","            onError","        ) {","        /*","         * this function will test buildApidoc's default handling-behavior-behavior","         */","            options = { modulePathList: module.paths };","            local.buildApidoc(options, onError);","        };","","        local.testCase_buildApp_default = local.testCase_buildApp_default || function (","            options,","            onError","        ) {","        /*","         * this function will test buildApp's default handling-behavior-behavior","         */","            local.testCase_buildReadme_default(options, local.onErrorThrow);","            local.testCase_buildLib_default(options, local.onErrorThrow);","            local.testCase_buildTest_default(options, local.onErrorThrow);","            local.testCase_buildCustomOrg_default(options, local.onErrorThrow);","            options = [];","            local.buildApp(options, onError);","        };","","        local.testCase_buildCustomOrg_default = local.testCase_buildCustomOrg_default ||","            function (options, onError) {","            /*","             * this function will test buildCustomOrg's default handling-behavior","             */","                options = {};","                local.buildCustomOrg(options, onError);","            };","","        local.testCase_buildLib_default = local.testCase_buildLib_default || function (","            options,","            onError","        ) {","        /*","         * this function will test buildLib's default handling-behavior","         */","            options = {};","            local.buildLib(options, onError);","        };","","        local.testCase_buildReadme_default = local.testCase_buildReadme_default || function (","            options,","            onError","        ) {","        /*","         * this function will test buildReadme's default handling-behavior-behavior","         */","            options = {};","            local.buildReadme(options, onError);","        };","","        local.testCase_buildTest_default = local.testCase_buildTest_default || function (","            options,","            onError","        ) {","        /*","         * this function will test buildTest's default handling-behavior","         */","            options = {};","            local.buildTest(options, onError);","        };","","        local.testCase_webpage_default = local.testCase_webpage_default || function (","            options,","            onError","        ) {","        /*","         * this function will test webpage's default handling-behavior","         */","            options = { modeCoverageMerge: true, url: local.serverLocalHost + '?modeTest=1' };","            local.browserTest(options, onError);","        };","","        // run test-server","        local.testRunServer(local);","        break;","    }","}());",""],"l":{"12":2,"14":2,"19":2,"21":2,"23":2,"24":2,"25":2,"30":1,"37":2,"40":2,"43":1,"47":1,"50":1,"52":1,"55":2,"61":2,"62":2,"64":2,"70":1,"76":1,"82":2,"83":2,"85":2,"92":1,"95":1,"102":1,"109":1,"110":1,"113":1,"120":1,"121":1,"122":1,"123":1,"124":1,"125":1,"128":1,"133":2,"134":2,"137":1,"144":2,"145":2,"148":1,"155":2,"156":2,"159":1,"166":2,"167":2,"170":1,"177":1,"178":1,"182":1,"183":1}},"/home/travis/build/npmtest/node-npmtest-loadtest/lib.npmtest_loadtest.js":{"path":"/home/travis/build/npmtest/node-npmtest-loadtest/lib.npmtest_loadtest.js","s":{"1":2,"2":2,"3":2,"4":2,"5":2,"6":2,"7":2,"8":1,"9":2,"10":2,"11":2,"12":2,"13":1,"14":1,"15":1,"16":1},"b":{"1":[2,1,1,1],"2":[1,1,1,1],"3":[1,1],"4":[2,2],"5":[1,1]},"f":{"1":2,"2":2,"3":2},"fnMap":{"1":{"name":"(anonymous_1)","line":12,"loc":{"start":{"line":12,"column":1},"end":{"line":12,"column":13}}},"2":{"name":"(anonymous_2)","line":19,"loc":{"start":{"line":19,"column":5},"end":{"line":19,"column":17}}},"3":{"name":"(anonymous_3)","line":23,"loc":{"start":{"line":23,"column":24},"end":{"line":23,"column":36}}}},"statementMap":{"1":{"start":{"line":12,"column":0},"end":{"line":53,"column":5}},"2":{"start":{"line":14,"column":4},"end":{"line":14,"column":14}},"3":{"start":{"line":19,"column":4},"end":{"line":52,"column":9}},"4":{"start":{"line":21,"column":8},"end":{"line":21,"column":19}},"5":{"start":{"line":23,"column":8},"end":{"line":35,"column":13}},"6":{"start":{"line":24,"column":12},"end":{"line":34,"column":13}},"7":{"start":{"line":25,"column":16},"end":{"line":28,"column":30}},"8":{"start":{"line":30,"column":16},"end":{"line":33,"column":27}},"9":{"start":{"line":37,"column":8},"end":{"line":39,"column":21}},"10":{"start":{"line":41,"column":8},"end":{"line":41,"column":54}},"11":{"start":{"line":43,"column":8},"end":{"line":43,"column":53}},"12":{"start":{"line":45,"column":8},"end":{"line":51,"column":9}},"13":{"start":{"line":46,"column":12},"end":{"line":46,"column":59}},"14":{"start":{"line":48,"column":12},"end":{"line":48,"column":35}},"15":{"start":{"line":49,"column":12},"end":{"line":49,"column":49}},"16":{"start":{"line":50,"column":12},"end":{"line":50,"column":43}}},"branchMap":{"1":{"line":25,"type":"binary-expr","locations":[{"start":{"line":25,"column":23},"end":{"line":25,"column":62}},{"start":{"line":26,"column":20},"end":{"line":26,"column":70}},{"start":{"line":27,"column":20},"end":{"line":27,"column":71}},{"start":{"line":28,"column":20},"end":{"line":28,"column":29}}]},"2":{"line":30,"type":"binary-expr","locations":[{"start":{"line":30,"column":23},"end":{"line":30,"column":37}},{"start":{"line":31,"column":20},"end":{"line":31,"column":61}},{"start":{"line":32,"column":20},"end":{"line":32,"column":70}},{"start":{"line":33,"column":20},"end":{"line":33,"column":26}}]},"3":{"line":37,"type":"cond-expr","locations":[{"start":{"line":38,"column":14},"end":{"line":38,"column":20}},{"start":{"line":39,"column":14},"end":{"line":39,"column":20}}]},"4":{"line":41,"type":"binary-expr","locations":[{"start":{"line":41,"column":16},"end":{"line":41,"column":44}},{"start":{"line":41,"column":48},"end":{"line":41,"column":53}}]},"5":{"line":45,"type":"if","locations":[{"start":{"line":45,"column":8},"end":{"line":45,"column":8}},{"start":{"line":45,"column":8},"end":{"line":45,"column":8}}]}},"code":["/* istanbul instrument in package npmtest_loadtest */","/*jslint","    bitwise: true,","    browser: true,","    maxerr: 8,","    maxlen: 96,","    node: true,","    nomen: true,","    regexp: true,","    stupid: true","*/","(function () {","    'use strict';","    var local;","","","","    // run shared js-env code - pre-init","    (function () {","        // init local","        local = {};","        // init modeJs","        local.modeJs = (function () {","            try {","                return typeof navigator.userAgent === 'string' &&","                    typeof document.querySelector('body') === 'object' &&","                    typeof XMLHttpRequest.prototype.open === 'function' &&","                    'browser';","            } catch (errorCaughtBrowser) {","                return module.exports &&","                    typeof process.versions.node === 'string' &&","                    typeof require('http').createServer === 'function' &&","                    'node';","            }","        }());","        // init global","        local.global = local.modeJs === 'browser'","            ? window","            : global;","        // init utility2_rollup","        local = local.global.utility2_rollup || local;","        // init lib","        local.local = local.npmtest_loadtest = local;","        // init exports","        if (local.modeJs === 'browser') {","            local.global.utility2_npmtest_loadtest = local;","        } else {","            module.exports = local;","            module.exports.__dirname = __dirname;","            module.exports.module = module;","        }","    }());","}());",""],"l":{"12":2,"14":2,"19":2,"21":2,"23":2,"24":2,"25":2,"30":1,"37":2,"41":2,"43":2,"45":2,"46":1,"48":1,"49":1,"50":1}},"/home/travis/build/npmtest/node-npmtest-loadtest/example.js":{"path":"/home/travis/build/npmtest/node-npmtest-loadtest/example.js","s":{"1":2,"2":2,"3":2,"4":2,"5":2,"6":2,"7":2,"8":1,"9":2,"10":2,"11":2,"12":2,"13":1,"14":2,"15":2,"16":2,"17":2,"18":2,"19":0,"20":2,"21":1,"22":1,"23":1,"24":1,"25":1,"26":0,"27":0,"28":1,"29":1,"30":2,"31":0,"32":0,"33":0,"34":1,"35":2,"36":2,"37":2,"38":2,"39":2,"40":2,"41":0,"42":2,"43":2,"44":2,"45":1,"46":3,"47":1,"48":1,"49":1,"50":1,"51":1,"52":1,"53":1,"54":1,"55":1,"56":1,"57":0,"58":1,"59":6,"60":6,"61":1,"62":2,"63":0,"64":2,"65":1,"66":1,"67":0,"68":0,"69":0,"70":0,"71":0,"72":0,"73":0,"74":0,"75":0,"76":0,"77":0,"78":0,"79":0,"80":0,"81":0,"82":0,"83":0},"b":{"1":[2,1,1,1],"2":[1,1,1,1],"3":[1,1],"4":[2,2],"5":[1,1],"6":[1,1],"7":[2,0],"8":[2,1,1,1,1,1],"9":[0,2,0],"10":[1,1],"11":[2,1,1],"12":[1,0],"13":[0,2],"14":[2,0,0,0,0,0,0],"15":[0,2],"16":[2,0],"17":[1,1],"18":[0,1],"19":[1,2,0,2],"20":[1,0],"21":[1,1],"22":[0,0],"23":[0,0],"24":[0,0],"25":[0,0],"26":[0,0],"27":[0,0],"28":[0,0]},"f":{"1":2,"2":2,"3":2,"4":2,"5":2,"6":2,"7":2,"8":2,"9":3,"10":1,"11":6,"12":0},"fnMap":{"1":{"name":"(anonymous_1)","line":26,"loc":{"start":{"line":26,"column":1},"end":{"line":26,"column":13}}},"2":{"name":"(anonymous_2)","line":33,"loc":{"start":{"line":33,"column":5},"end":{"line":33,"column":17}}},"3":{"name":"(anonymous_3)","line":37,"loc":{"start":{"line":37,"column":24},"end":{"line":37,"column":36}}},"4":{"name":"(anonymous_4)","line":69,"loc":{"start":{"line":69,"column":31},"end":{"line":69,"column":48}},"skip":true},"5":{"name":"(anonymous_5)","line":78,"loc":{"start":{"line":78,"column":26},"end":{"line":78,"column":45}},"skip":true},"6":{"name":"(anonymous_6)","line":123,"loc":{"start":{"line":123,"column":33},"end":{"line":123,"column":48}},"skip":true},"7":{"name":"(anonymous_7)","line":125,"loc":{"start":{"line":125,"column":27},"end":{"line":125,"column":39}},"skip":true},"8":{"name":"(anonymous_8)","line":133,"loc":{"start":{"line":133,"column":59},"end":{"line":133,"column":74}},"skip":true},"9":{"name":"(anonymous_9)","line":143,"loc":{"start":{"line":143,"column":45},"end":{"line":143,"column":62}},"skip":true},"10":{"name":"(anonymous_10)","line":144,"loc":{"start":{"line":144,"column":73},"end":{"line":144,"column":92}},"skip":true},"11":{"name":"(anonymous_11)","line":272,"loc":{"start":{"line":272,"column":51},"end":{"line":272,"column":77}},"skip":true},"12":{"name":"(anonymous_12)","line":314,"loc":{"start":{"line":314,"column":32},"end":{"line":314,"column":61}},"skip":true}},"statementMap":{"1":{"start":{"line":26,"column":0},"end":{"line":325,"column":5}},"2":{"start":{"line":28,"column":4},"end":{"line":28,"column":14}},"3":{"start":{"line":33,"column":4},"end":{"line":60,"column":9}},"4":{"start":{"line":35,"column":8},"end":{"line":35,"column":19}},"5":{"start":{"line":37,"column":8},"end":{"line":49,"column":13}},"6":{"start":{"line":38,"column":12},"end":{"line":48,"column":13}},"7":{"start":{"line":39,"column":16},"end":{"line":42,"column":30}},"8":{"start":{"line":44,"column":16},"end":{"line":47,"column":27}},"9":{"start":{"line":51,"column":8},"end":{"line":53,"column":21}},"10":{"start":{"line":55,"column":8},"end":{"line":57,"column":45}},"11":{"start":{"line":59,"column":8},"end":{"line":59,"column":35}},"12":{"start":{"line":61,"column":4},"end":{"line":324,"column":5}},"13":{"start":{"line":69,"column":8},"end":{"line":121,"column":10},"skip":true},"14":{"start":{"line":70,"column":12},"end":{"line":88,"column":13},"skip":true},"15":{"start":{"line":76,"column":16},"end":{"line":87,"column":19},"skip":true},"16":{"start":{"line":79,"column":20},"end":{"line":86,"column":21},"skip":true},"17":{"start":{"line":82,"column":24},"end":{"line":82,"column":43},"skip":true},"18":{"start":{"line":83,"column":24},"end":{"line":83,"column":30},"skip":true},"19":{"start":{"line":85,"column":24},"end":{"line":85,"column":49},"skip":true},"20":{"start":{"line":89,"column":12},"end":{"line":107,"column":13},"skip":true},"21":{"start":{"line":92,"column":16},"end":{"line":102,"column":17},"skip":true},"22":{"start":{"line":93,"column":20},"end":{"line":93,"column":86},"skip":true},"23":{"start":{"line":94,"column":20},"end":{"line":95,"column":45},"skip":true},"24":{"start":{"line":96,"column":20},"end":{"line":96,"column":42},"skip":true},"25":{"start":{"line":97,"column":20},"end":{"line":97,"column":48},"skip":true},"26":{"start":{"line":100,"column":20},"end":{"line":100,"column":85},"skip":true},"27":{"start":{"line":101,"column":20},"end":{"line":101,"column":96},"skip":true},"28":{"start":{"line":103,"column":16},"end":{"line":103,"column":22},"skip":true},"29":{"start":{"line":106,"column":16},"end":{"line":106,"column":22},"skip":true},"30":{"start":{"line":108,"column":12},"end":{"line":120,"column":13},"skip":true},"31":{"start":{"line":114,"column":16},"end":{"line":119,"column":17},"skip":true},"32":{"start":{"line":116,"column":20},"end":{"line":116,"column":78},"skip":true},"33":{"start":{"line":118,"column":20},"end":{"line":118,"column":47},"skip":true},"34":{"start":{"line":123,"column":8},"end":{"line":141,"column":11},"skip":true},"35":{"start":{"line":124,"column":12},"end":{"line":124,"column":54},"skip":true},"36":{"start":{"line":125,"column":12},"end":{"line":140,"column":14},"skip":true},"37":{"start":{"line":126,"column":16},"end":{"line":126,"column":28},"skip":true},"38":{"start":{"line":127,"column":16},"end":{"line":127,"column":69},"skip":true},"39":{"start":{"line":128,"column":16},"end":{"line":128,"column":75},"skip":true},"40":{"start":{"line":129,"column":16},"end":{"line":131,"column":17},"skip":true},"41":{"start":{"line":130,"column":20},"end":{"line":130,"column":27},"skip":true},"42":{"start":{"line":133,"column":16},"end":{"line":137,"column":36},"skip":true},"43":{"start":{"line":134,"column":20},"end":{"line":136,"column":55},"skip":true},"44":{"start":{"line":139,"column":16},"end":{"line":139,"column":57},"skip":true},"45":{"start":{"line":143,"column":8},"end":{"line":147,"column":11},"skip":true},"46":{"start":{"line":144,"column":12},"end":{"line":146,"column":15},"skip":true},"47":{"start":{"line":145,"column":16},"end":{"line":145,"column":70},"skip":true},"48":{"start":{"line":149,"column":8},"end":{"line":149,"column":31},"skip":true},"49":{"start":{"line":150,"column":8},"end":{"line":150,"column":14},"skip":true},"50":{"start":{"line":158,"column":8},"end":{"line":158,"column":31},"skip":true},"51":{"start":{"line":160,"column":8},"end":{"line":160,"column":33},"skip":true},"52":{"start":{"line":161,"column":8},"end":{"line":161,"column":37},"skip":true},"53":{"start":{"line":162,"column":8},"end":{"line":162,"column":35},"skip":true},"54":{"start":{"line":164,"column":8},"end":{"line":164,"column":50},"skip":true},"55":{"start":{"line":166,"column":8},"end":{"line":256,"column":2},"skip":true},"56":{"start":{"line":258,"column":8},"end":{"line":286,"column":9},"skip":true},"57":{"start":{"line":259,"column":12},"end":{"line":269,"column":14},"skip":true},"58":{"start":{"line":271,"column":12},"end":{"line":285,"column":19},"skip":true},"59":{"start":{"line":274,"column":20},"end":{"line":274,"column":35},"skip":true},"60":{"start":{"line":275,"column":20},"end":{"line":284,"column":21},"skip":true},"61":{"start":{"line":277,"column":24},"end":{"line":277,"column":64},"skip":true},"62":{"start":{"line":279,"column":24},"end":{"line":279,"column":40},"skip":true},"63":{"start":{"line":281,"column":24},"end":{"line":281,"column":40},"skip":true},"64":{"start":{"line":283,"column":24},"end":{"line":283,"column":39},"skip":true},"65":{"start":{"line":288,"column":8},"end":{"line":290,"column":9},"skip":true},"66":{"start":{"line":289,"column":12},"end":{"line":289,"column":18},"skip":true},"67":{"start":{"line":291,"column":8},"end":{"line":293,"column":54},"skip":true},"68":{"start":{"line":294,"column":8},"end":{"line":301,"column":37},"skip":true},"69":{"start":{"line":302,"column":8},"end":{"line":302,"column":82},"skip":true},"70":{"start":{"line":305,"column":8},"end":{"line":307,"column":9},"skip":true},"71":{"start":{"line":306,"column":12},"end":{"line":306,"column":82},"skip":true},"72":{"start":{"line":309,"column":8},"end":{"line":311,"column":9},"skip":true},"73":{"start":{"line":310,"column":12},"end":{"line":310,"column":18},"skip":true},"74":{"start":{"line":312,"column":8},"end":{"line":312,"column":54},"skip":true},"75":{"start":{"line":313,"column":8},"end":{"line":313,"column":69},"skip":true},"76":{"start":{"line":314,"column":8},"end":{"line":322,"column":36},"skip":true},"77":{"start":{"line":315,"column":12},"end":{"line":315,"column":61},"skip":true},"78":{"start":{"line":316,"column":12},"end":{"line":319,"column":13},"skip":true},"79":{"start":{"line":317,"column":16},"end":{"line":317,"column":75},"skip":true},"80":{"start":{"line":318,"column":16},"end":{"line":318,"column":23},"skip":true},"81":{"start":{"line":320,"column":12},"end":{"line":320,"column":38},"skip":true},"82":{"start":{"line":321,"column":12},"end":{"line":321,"column":27},"skip":true},"83":{"start":{"line":323,"column":8},"end":{"line":323,"column":14},"skip":true}},"branchMap":{"1":{"line":39,"type":"binary-expr","locations":[{"start":{"line":39,"column":23},"end":{"line":39,"column":62}},{"start":{"line":40,"column":20},"end":{"line":40,"column":70}},{"start":{"line":41,"column":20},"end":{"line":41,"column":71}},{"start":{"line":42,"column":20},"end":{"line":42,"column":29}}]},"2":{"line":44,"type":"binary-expr","locations":[{"start":{"line":44,"column":23},"end":{"line":44,"column":37}},{"start":{"line":45,"column":20},"end":{"line":45,"column":61}},{"start":{"line":46,"column":20},"end":{"line":46,"column":70}},{"start":{"line":47,"column":20},"end":{"line":47,"column":26}}]},"3":{"line":51,"type":"cond-expr","locations":[{"start":{"line":52,"column":14},"end":{"line":52,"column":20}},{"start":{"line":53,"column":14},"end":{"line":53,"column":20}}]},"4":{"line":55,"type":"binary-expr","locations":[{"start":{"line":55,"column":16},"end":{"line":55,"column":44}},{"start":{"line":55,"column":49},"end":{"line":57,"column":43}}]},"5":{"line":55,"type":"cond-expr","locations":[{"start":{"line":56,"column":14},"end":{"line":56,"column":52}},{"start":{"line":57,"column":14},"end":{"line":57,"column":43}}]},"6":{"line":61,"type":"switch","locations":[{"start":{"line":68,"column":4},"end":{"line":150,"column":14},"skip":true},{"start":{"line":156,"column":4},"end":{"line":323,"column":14},"skip":true}]},"7":{"line":70,"type":"if","locations":[{"start":{"line":70,"column":12},"end":{"line":70,"column":12},"skip":true},{"start":{"line":70,"column":12},"end":{"line":70,"column":12},"skip":true}]},"8":{"line":70,"type":"binary-expr","locations":[{"start":{"line":70,"column":16},"end":{"line":70,"column":22},"skip":true},{"start":{"line":70,"column":27},"end":{"line":70,"column":32},"skip":true},{"start":{"line":71,"column":20},"end":{"line":71,"column":39},"skip":true},{"start":{"line":72,"column":20},"end":{"line":72,"column":49},"skip":true},{"start":{"line":73,"column":20},"end":{"line":73,"column":58},"skip":true},{"start":{"line":74,"column":20},"end":{"line":74,"column":69},"skip":true}]},"9":{"line":79,"type":"switch","locations":[{"start":{"line":80,"column":20},"end":{"line":80,"column":33},"skip":true},{"start":{"line":81,"column":20},"end":{"line":83,"column":30},"skip":true},{"start":{"line":84,"column":20},"end":{"line":85,"column":49},"skip":true}]},"10":{"line":89,"type":"switch","locations":[{"start":{"line":90,"column":12},"end":{"line":103,"column":22},"skip":true},{"start":{"line":105,"column":12},"end":{"line":106,"column":22},"skip":true}]},"11":{"line":89,"type":"binary-expr","locations":[{"start":{"line":89,"column":20},"end":{"line":89,"column":25},"skip":true},{"start":{"line":89,"column":29},"end":{"line":89,"column":48},"skip":true},{"start":{"line":89,"column":52},"end":{"line":89,"column":74},"skip":true}]},"12":{"line":92,"type":"if","locations":[{"start":{"line":92,"column":16},"end":{"line":92,"column":16},"skip":true},{"start":{"line":92,"column":16},"end":{"line":92,"column":16},"skip":true}]},"13":{"line":108,"type":"if","locations":[{"start":{"line":108,"column":12},"end":{"line":108,"column":12},"skip":true},{"start":{"line":108,"column":12},"end":{"line":108,"column":12},"skip":true}]},"14":{"line":108,"type":"binary-expr","locations":[{"start":{"line":108,"column":16},"end":{"line":108,"column":61},"skip":true},{"start":{"line":108,"column":66},"end":{"line":108,"column":72},"skip":true},{"start":{"line":108,"column":77},"end":{"line":108,"column":82},"skip":true},{"start":{"line":109,"column":20},"end":{"line":109,"column":39},"skip":true},{"start":{"line":110,"column":20},"end":{"line":110,"column":49},"skip":true},{"start":{"line":111,"column":20},"end":{"line":111,"column":58},"skip":true},{"start":{"line":112,"column":20},"end":{"line":112,"column":68},"skip":true}]},"15":{"line":129,"type":"if","locations":[{"start":{"line":129,"column":16},"end":{"line":129,"column":16},"skip":true},{"start":{"line":129,"column":16},"end":{"line":129,"column":16},"skip":true}]},"16":{"line":134,"type":"cond-expr","locations":[{"start":{"line":135,"column":26},"end":{"line":135,"column":29},"skip":true},{"start":{"line":136,"column":26},"end":{"line":136,"column":54},"skip":true}]},"17":{"line":164,"type":"binary-expr","locations":[{"start":{"line":164,"column":27},"end":{"line":164,"column":43},"skip":true},{"start":{"line":164,"column":47},"end":{"line":164,"column":49},"skip":true}]},"18":{"line":258,"type":"if","locations":[{"start":{"line":258,"column":8},"end":{"line":258,"column":8},"skip":true},{"start":{"line":258,"column":8},"end":{"line":258,"column":8},"skip":true}]},"19":{"line":275,"type":"switch","locations":[{"start":{"line":276,"column":20},"end":{"line":277,"column":64},"skip":true},{"start":{"line":278,"column":20},"end":{"line":279,"column":40},"skip":true},{"start":{"line":280,"column":20},"end":{"line":281,"column":40},"skip":true},{"start":{"line":282,"column":20},"end":{"line":283,"column":39},"skip":true}]},"20":{"line":288,"type":"if","locations":[{"start":{"line":288,"column":8},"end":{"line":288,"column":8},"skip":true},{"start":{"line":288,"column":8},"end":{"line":288,"column":8},"skip":true}]},"21":{"line":288,"type":"binary-expr","locations":[{"start":{"line":288,"column":12},"end":{"line":288,"column":40},"skip":true},{"start":{"line":288,"column":44},"end":{"line":288,"column":67},"skip":true}]},"22":{"line":292,"type":"binary-expr","locations":[{"start":{"line":292,"column":12},"end":{"line":292,"column":50},"skip":true},{"start":{"line":293,"column":12},"end":{"line":293,"column":53},"skip":true}]},"23":{"line":295,"type":"binary-expr","locations":[{"start":{"line":295,"column":12},"end":{"line":295,"column":66},"skip":true},{"start":{"line":296,"column":12},"end":{"line":301,"column":36},"skip":true}]},"24":{"line":302,"type":"binary-expr","locations":[{"start":{"line":302,"column":43},"end":{"line":302,"column":75},"skip":true},{"start":{"line":302,"column":79},"end":{"line":302,"column":81},"skip":true}]},"25":{"line":305,"type":"if","locations":[{"start":{"line":305,"column":8},"end":{"line":305,"column":8},"skip":true},{"start":{"line":305,"column":8},"end":{"line":305,"column":8},"skip":true}]},"26":{"line":309,"type":"if","locations":[{"start":{"line":309,"column":8},"end":{"line":309,"column":8},"skip":true},{"start":{"line":309,"column":8},"end":{"line":309,"column":8},"skip":true}]},"27":{"line":312,"type":"binary-expr","locations":[{"start":{"line":312,"column":27},"end":{"line":312,"column":43},"skip":true},{"start":{"line":312,"column":47},"end":{"line":312,"column":53},"skip":true}]},"28":{"line":316,"type":"if","locations":[{"start":{"line":316,"column":12},"end":{"line":316,"column":12},"skip":true},{"start":{"line":316,"column":12},"end":{"line":316,"column":12},"skip":true}]}},"code":["/*","example.js","","quickstart example","","instruction","    1. save this script as example.js","    2. run the shell command:","        $ npm install npmtest-loadtest && PORT=8081 node example.js","    3. play with the browser-demo on http://127.0.0.1:8081","*/","","","","/* istanbul instrument in package npmtest_loadtest */","/*jslint","    bitwise: true,","    browser: true,","    maxerr: 8,","    maxlen: 96,","    node: true,","    nomen: true,","    regexp: true,","    stupid: true","*/","(function () {","    'use strict';","    var local;","","","","    // run shared js-env code - pre-init","    (function () {","        // init local","        local = {};","        // init modeJs","        local.modeJs = (function () {","            try {","                return typeof navigator.userAgent === 'string' &&","                    typeof document.querySelector('body') === 'object' &&","                    typeof XMLHttpRequest.prototype.open === 'function' &&","                    'browser';","            } catch (errorCaughtBrowser) {","                return module.exports &&","                    typeof process.versions.node === 'string' &&","                    typeof require('http').createServer === 'function' &&","                    'node';","            }","        }());","        // init global","        local.global = local.modeJs === 'browser'","            ? window","            : global;","        // init utility2_rollup","        local = local.global.utility2_rollup || (local.modeJs === 'browser'","            ? local.global.utility2_npmtest_loadtest","            : global.utility2_moduleExports);","        // export local","        local.global.local = local;","    }());","    switch (local.modeJs) {","","","","    // post-init","    // run browser js-env code - post-init","    /* istanbul ignore next */","    case 'browser':","        local.testRunBrowser = function (event) {","            if (!event || (event &&","                    event.currentTarget &&","                    event.currentTarget.className &&","                    event.currentTarget.className.includes &&","                    event.currentTarget.className.includes('onreset'))) {","                // reset output","                Array.from(","                    document.querySelectorAll('body > .resettable')","                ).forEach(function (element) {","                    switch (element.tagName) {","                    case 'INPUT':","                    case 'TEXTAREA':","                        element.value = '';","                        break;","                    default:","                        element.textContent = '';","                    }","                });","            }","            switch (event && event.currentTarget && event.currentTarget.id) {","            case 'testRunButton1':","                // show tests","                if (document.querySelector('#testReportDiv1').style.display === 'none') {","                    document.querySelector('#testReportDiv1').style.display = 'block';","                    document.querySelector('#testRunButton1').textContent =","                        'hide internal test';","                    local.modeTest = true;","                    local.testRunDefault(local);","                // hide tests","                } else {","                    document.querySelector('#testReportDiv1').style.display = 'none';","                    document.querySelector('#testRunButton1').textContent = 'run internal test';","                }","                break;","            // custom-case","            default:","                break;","            }","            if (document.querySelector('#inputTextareaEval1') && (!event || (event &&","                    event.currentTarget &&","                    event.currentTarget.className &&","                    event.currentTarget.className.includes &&","                    event.currentTarget.className.includes('oneval')))) {","                // try to eval input-code","                try {","                    /*jslint evil: true*/","                    eval(document.querySelector('#inputTextareaEval1').value);","                } catch (errorCaught) {","                    console.error(errorCaught);","                }","            }","        };","        // log stderr and stdout to #outputTextareaStdout1","        ['error', 'log'].forEach(function (key) {","            console[key + '_original'] = console[key];","            console[key] = function () {","                var element;","                console[key + '_original'].apply(console, arguments);","                element = document.querySelector('#outputTextareaStdout1');","                if (!element) {","                    return;","                }","                // append text to #outputTextareaStdout1","                element.value += Array.from(arguments).map(function (arg) {","                    return typeof arg === 'string'","                        ? arg","                        : JSON.stringify(arg, null, 4);","                }).join(' ') + '\\n';","                // scroll textarea to bottom","                element.scrollTop = element.scrollHeight;","            };","        });","        // init event-handling","        ['change', 'click', 'keyup'].forEach(function (event) {","            Array.from(document.querySelectorAll('.on' + event)).forEach(function (element) {","                element.addEventListener(event, local.testRunBrowser);","            });","        });","        // run tests","        local.testRunBrowser();","        break;","","","","    // run node js-env code - post-init","    /* istanbul ignore next */","    case 'node':","        // export local","        module.exports = local;","        // require modules","        local.fs = require('fs');","        local.http = require('http');","        local.url = require('url');","        // init assets","        local.assetsDict = local.assetsDict || {};","        /* jslint-ignore-begin */","        local.assetsDict['/assets.index.template.html'] = '\\","<!doctype html>\\n\\","<html lang=\"en\">\\n\\","<head>\\n\\","<meta charset=\"UTF-8\">\\n\\","<meta name=\"viewport\" content=\"width=device-width, initial-scale=1\">\\n\\","<title>{{env.npm_package_name}} (v{{env.npm_package_version}})</title>\\n\\","<style>\\n\\","/*csslint\\n\\","    box-sizing: false,\\n\\","    universal-selector: false\\n\\","*/\\n\\","* {\\n\\","    box-sizing: border-box;\\n\\","}\\n\\","body {\\n\\","    background: #dde;\\n\\","    font-family: Arial, Helvetica, sans-serif;\\n\\","    margin: 2rem;\\n\\","}\\n\\","body > * {\\n\\","    margin-bottom: 1rem;\\n\\","}\\n\\",".utility2FooterDiv {\\n\\","    margin-top: 20px;\\n\\","    text-align: center;\\n\\","}\\n\\","</style>\\n\\","<style>\\n\\","/*csslint\\n\\","*/\\n\\","textarea {\\n\\","    font-family: monospace;\\n\\","    height: 10rem;\\n\\","    width: 100%;\\n\\","}\\n\\","textarea[readonly] {\\n\\","    background: #ddd;\\n\\","}\\n\\","</style>\\n\\","</head>\\n\\","<body>\\n\\","<!-- utility2-comment\\n\\","<div id=\"ajaxProgressDiv1\" style=\"background: #d00; height: 2px; left: 0; margin: 0; padding: 0; position: fixed; top: 0; transition: background 0.5s, width 1.5s; width: 25%;\"></div>\\n\\","utility2-comment -->\\n\\","<h1>\\n\\","<!-- utility2-comment\\n\\","    <a\\n\\","        {{#if env.npm_package_homepage}}\\n\\","        href=\"{{env.npm_package_homepage}}\"\\n\\","        {{/if env.npm_package_homepage}}\\n\\","        target=\"_blank\"\\n\\","    >\\n\\","utility2-comment -->\\n\\","        {{env.npm_package_name}} (v{{env.npm_package_version}})\\n\\","<!-- utility2-comment\\n\\","    </a>\\n\\","utility2-comment -->\\n\\","</h1>\\n\\","<h3>{{env.npm_package_description}}</h3>\\n\\","<!-- utility2-comment\\n\\","<h4><a download href=\"assets.app.js\">download standalone app</a></h4>\\n\\","<button class=\"onclick onreset\" id=\"testRunButton1\">run internal test</button><br>\\n\\","<div id=\"testReportDiv1\" style=\"display: none;\"></div>\\n\\","utility2-comment -->\\n\\","\\n\\","\\n\\","\\n\\","<label>stderr and stdout</label>\\n\\","<textarea class=\"resettable\" id=\"outputTextareaStdout1\" readonly></textarea>\\n\\","<!-- utility2-comment\\n\\","{{#if isRollup}}\\n\\","<script src=\"assets.app.js\"></script>\\n\\","{{#unless isRollup}}\\n\\","utility2-comment -->\\n\\","<script src=\"assets.utility2.rollup.js\"></script>\\n\\","<script src=\"jsonp.utility2._stateInit?callback=window.utility2._stateInit\"></script>\\n\\","<script src=\"assets.npmtest_loadtest.rollup.js\"></script>\\n\\","<script src=\"assets.example.js\"></script>\\n\\","<script src=\"assets.test.js\"></script>\\n\\","<!-- utility2-comment\\n\\","{{/if isRollup}}\\n\\","utility2-comment -->\\n\\","<div class=\"utility2FooterDiv\">\\n\\","    [ this app was created with\\n\\","    <a href=\"https://github.com/kaizhu256/node-utility2\" target=\"_blank\">utility2</a>\\n\\","    ]\\n\\","</div>\\n\\","</body>\\n\\","</html>\\n\\","';","        /* jslint-ignore-end */","        if (local.templateRender) {","            local.assetsDict['/'] = local.templateRender(","                local.assetsDict['/assets.index.template.html'],","                {","                    env: local.objectSetDefault(local.env, {","                        npm_package_description: 'the greatest app in the world!',","                        npm_package_name: 'my-app',","                        npm_package_nameAlias: 'my_app',","                        npm_package_version: '0.0.1'","                    })","                }","            );","        } else {","            local.assetsDict['/'] = local.assetsDict['/assets.index.template.html']","                .replace((/\\{\\{env\\.(\\w+?)\\}\\}/g), function (match0, match1) {","                    // jslint-hack","                    String(match0);","                    switch (match1) {","                    case 'npm_package_description':","                        return 'the greatest app in the world!';","                    case 'npm_package_name':","                        return 'my-app';","                    case 'npm_package_nameAlias':","                        return 'my_app';","                    case 'npm_package_version':","                        return '0.0.1';","                    }","                });","        }","        // run the cli","        if (local.global.utility2_rollup || module !== require.main) {","            break;","        }","        local.assetsDict['/assets.example.js'] =","            local.assetsDict['/assets.example.js'] ||","            local.fs.readFileSync(__filename, 'utf8');","        local.assetsDict['/assets.npmtest_loadtest.rollup.js'] =","            local.assetsDict['/assets.npmtest_loadtest.rollup.js'] ||","            local.fs.readFileSync(","                // buildCustomOrg-hack","                local.npmtest_loadtest.__dirname +","                    '/lib.npmtest_loadtest.js',","                'utf8'","            ).replace((/^#!/), '//');","        local.assetsDict['/favicon.ico'] = local.assetsDict['/favicon.ico'] || '';","        // if $npm_config_timeout_exit exists,","        // then exit this process after $npm_config_timeout_exit ms","        if (Number(process.env.npm_config_timeout_exit)) {","            setTimeout(process.exit, Number(process.env.npm_config_timeout_exit));","        }","        // start server","        if (local.global.utility2_serverHttp1) {","            break;","        }","        process.env.PORT = process.env.PORT || '8081';","        console.error('server starting on port ' + process.env.PORT);","        local.http.createServer(function (request, response) {","            request.urlParsed = local.url.parse(request.url);","            if (local.assetsDict[request.urlParsed.pathname] !== undefined) {","                response.end(local.assetsDict[request.urlParsed.pathname]);","                return;","            }","            response.statusCode = 404;","            response.end();","        }).listen(process.env.PORT);","        break;","    }","}());",""],"l":{"26":2,"28":2,"33":2,"35":2,"37":2,"38":2,"39":2,"44":1,"51":2,"55":2,"59":2,"61":2,"69":1,"70":2,"76":2,"79":2,"82":2,"83":2,"85":1,"89":2,"92":1,"93":1,"94":1,"96":1,"97":1,"100":1,"101":1,"103":1,"106":1,"108":2,"114":1,"116":1,"118":1,"123":1,"124":2,"125":2,"126":2,"127":2,"128":2,"129":2,"130":1,"133":2,"134":2,"139":2,"143":1,"144":3,"145":1,"149":1,"150":1,"158":1,"160":1,"161":1,"162":1,"164":1,"166":1,"258":1,"259":1,"271":1,"274":6,"275":6,"277":1,"279":2,"281":1,"283":2,"288":1,"289":1,"291":1,"294":1,"302":1,"305":1,"306":1,"309":1,"310":1,"312":1,"313":1,"314":1,"315":1,"316":1,"317":1,"318":1,"320":1,"321":1,"323":1}},"/home/travis/build/npmtest/node-npmtest-loadtest/node_modules/loadtest/index.js":{"path":"/home/travis/build/npmtest/node-npmtest-loadtest/node_modules/loadtest/index.js","s":{"1":1,"2":1,"3":1,"4":1},"b":{},"f":{},"fnMap":{},"statementMap":{"1":{"start":{"line":10,"column":0},"end":{"line":10,"column":44}},"2":{"start":{"line":11,"column":0},"end":{"line":11,"column":48}},"3":{"start":{"line":14,"column":0},"end":{"line":14,"column":37}},"4":{"start":{"line":15,"column":0},"end":{"line":15,"column":45}}},"branchMap":{},"code":["'use strict';","","/**"," * Package contains a load test script and a test server."," * (C) 2013 Alex Fernández."," */","","","// requires","var loadtest = require('./lib/loadtest.js');","var testserver = require('./lib/testserver.js');","","// exports","exports.loadTest = loadtest.loadTest;","exports.startServer = testserver.startServer;","",""],"l":{"10":1,"11":1,"14":1,"15":1}},"/home/travis/build/npmtest/node-npmtest-loadtest/node_modules/loadtest/lib/loadtest.js":{"path":"/home/travis/build/npmtest/node-npmtest-loadtest/node_modules/loadtest/lib/loadtest.js","s":{"1":1,"2":1,"3":1,"4":1,"5":1,"6":1,"7":1,"8":1,"9":1,"10":1,"11":1,"12":1,"13":1,"14":0,"15":0,"16":0,"17":0,"18":0,"19":0,"20":0,"21":0,"22":0,"23":0,"24":0,"25":0,"26":0,"27":0,"28":0,"29":0,"30":0,"31":0,"32":0,"33":1,"34":1,"35":0,"36":0,"37":0,"38":0,"39":0,"40":0,"41":0,"42":0,"43":0,"44":0,"45":0,"46":0,"47":0,"48":0,"49":0,"50":0,"51":0,"52":0,"53":0,"54":0,"55":0,"56":0,"57":0,"58":0,"59":0,"60":1,"61":0,"62":0,"63":0,"64":0,"65":0,"66":0,"67":0,"68":0,"69":0,"70":0,"71":0,"72":0,"73":0,"74":0,"75":0,"76":0,"77":0,"78":0,"79":0,"80":0,"81":0,"82":0,"83":0,"84":0,"85":0,"86":0,"87":0,"88":0,"89":0,"90":0,"91":1,"92":0,"93":0,"94":1,"95":0,"96":0,"97":1,"98":0,"99":1,"100":0},"b":{"1":[0,0],"2":[0,0],"3":[0,0],"4":[0,0],"5":[0,0],"6":[0,0,0],"7":[0,0],"8":[0,0],"9":[0,0],"10":[0,0],"11":[0,0],"12":[0,0],"13":[0,0],"14":[0,0],"15":[0,0],"16":[0,0],"17":[0,0],"18":[0,0],"19":[0,0],"20":[0,0],"21":[0,0],"22":[0,0],"23":[0,0],"24":[0,0],"25":[0,1]},"f":{"1":0,"2":0,"3":0,"4":0,"5":0,"6":0,"7":0,"8":0,"9":0,"10":0},"fnMap":{"1":{"name":"(anonymous_1)","line":50,"loc":{"start":{"line":50,"column":19},"end":{"line":51,"column":0}}},"2":{"name":"(anonymous_2)","line":99,"loc":{"start":{"line":99,"column":16},"end":{"line":100,"column":0}}},"3":{"name":"(anonymous_3)","line":117,"loc":{"start":{"line":117,"column":14},"end":{"line":118,"column":1}}},"4":{"name":"(anonymous_4)","line":131,"loc":{"start":{"line":131,"column":17},"end":{"line":132,"column":1}}},"5":{"name":"startClients","line":158,"loc":{"start":{"line":158,"column":1},"end":{"line":159,"column":1}}},"6":{"name":"(anonymous_6)","line":197,"loc":{"start":{"line":197,"column":13},"end":{"line":198,"column":1}}},"7":{"name":"(anonymous_7)","line":209,"loc":{"start":{"line":209,"column":31},"end":{"line":209,"column":47}}},"8":{"name":"testMaxSeconds","line":228,"loc":{"start":{"line":228,"column":0},"end":{"line":229,"column":0}}},"9":{"name":"testWSEcho","line":243,"loc":{"start":{"line":243,"column":0},"end":{"line":244,"column":0}}},"10":{"name":"(anonymous_10)","line":258,"loc":{"start":{"line":258,"column":15},"end":{"line":259,"column":0}}}},"statementMap":{"1":{"start":{"line":10,"column":0},"end":{"line":10,"column":22}},"2":{"start":{"line":11,"column":0},"end":{"line":11,"column":25}},"3":{"start":{"line":12,"column":0},"end":{"line":12,"column":27}},"4":{"start":{"line":13,"column":0},"end":{"line":13,"column":29}},"5":{"start":{"line":14,"column":0},"end":{"line":14,"column":33}},"6":{"start":{"line":15,"column":0},"end":{"line":15,"column":44}},"7":{"start":{"line":16,"column":0},"end":{"line":16,"column":42}},"8":{"start":{"line":17,"column":0},"end":{"line":17,"column":36}},"9":{"start":{"line":20,"column":0},"end":{"line":20,"column":26}},"10":{"start":{"line":23,"column":0},"end":{"line":23,"column":28}},"11":{"start":{"line":26,"column":0},"end":{"line":26,"column":35}},"12":{"start":{"line":27,"column":0},"end":{"line":27,"column":36}},"13":{"start":{"line":50,"column":0},"end":{"line":87,"column":2}},"14":{"start":{"line":52,"column":1},"end":{"line":56,"column":2}},"15":{"start":{"line":54,"column":2},"end":{"line":54,"column":38}},"16":{"start":{"line":55,"column":2},"end":{"line":55,"column":9}},"17":{"start":{"line":57,"column":1},"end":{"line":57,"column":48}},"18":{"start":{"line":58,"column":1},"end":{"line":61,"column":2}},"19":{"start":{"line":60,"column":2},"end":{"line":60,"column":78}},"20":{"start":{"line":62,"column":1},"end":{"line":65,"column":2}},"21":{"start":{"line":64,"column":2},"end":{"line":64,"column":24}},"22":{"start":{"line":66,"column":1},"end":{"line":70,"column":2}},"23":{"start":{"line":68,"column":2},"end":{"line":68,"column":79}},"24":{"start":{"line":69,"column":2},"end":{"line":69,"column":9}},"25":{"start":{"line":71,"column":1},"end":{"line":74,"column":2}},"26":{"start":{"line":73,"column":2},"end":{"line":73,"column":23}},"27":{"start":{"line":76,"column":1},"end":{"line":82,"column":2}},"28":{"start":{"line":78,"column":2},"end":{"line":81,"column":3}},"29":{"start":{"line":80,"column":3},"end":{"line":80,"column":65}},"30":{"start":{"line":84,"column":1},"end":{"line":84,"column":50}},"31":{"start":{"line":85,"column":1},"end":{"line":85,"column":19}},"32":{"start":{"line":86,"column":1},"end":{"line":86,"column":18}},"33":{"start":{"line":94,"column":0},"end":{"line":94,"column":31}},"34":{"start":{"line":99,"column":0},"end":{"line":223,"column":2}},"35":{"start":{"line":102,"column":1},"end":{"line":102,"column":17}},"36":{"start":{"line":105,"column":1},"end":{"line":105,"column":21}},"37":{"start":{"line":106,"column":1},"end":{"line":106,"column":21}},"38":{"start":{"line":107,"column":1},"end":{"line":107,"column":18}},"39":{"start":{"line":108,"column":1},"end":{"line":108,"column":18}},"40":{"start":{"line":109,"column":1},"end":{"line":109,"column":15}},"41":{"start":{"line":110,"column":1},"end":{"line":110,"column":17}},"42":{"start":{"line":112,"column":1},"end":{"line":112,"column":47}},"43":{"start":{"line":117,"column":1},"end":{"line":126,"column":3}},"44":{"start":{"line":119,"column":2},"end":{"line":119,"column":45}},"45":{"start":{"line":120,"column":2},"end":{"line":120,"column":17}},"46":{"start":{"line":121,"column":2},"end":{"line":124,"column":3}},"47":{"start":{"line":123,"column":3},"end":{"line":123,"column":66}},"48":{"start":{"line":125,"column":2},"end":{"line":125,"column":89}},"49":{"start":{"line":131,"column":1},"end":{"line":153,"column":3}},"50":{"start":{"line":133,"column":2},"end":{"line":133,"column":16}},"51":{"start":{"line":134,"column":2},"end":{"line":144,"column":3}},"52":{"start":{"line":136,"column":3},"end":{"line":139,"column":4}},"53":{"start":{"line":138,"column":4},"end":{"line":138,"column":16}},"54":{"start":{"line":140,"column":3},"end":{"line":143,"column":4}},"55":{"start":{"line":142,"column":4},"end":{"line":142,"column":53}},"56":{"start":{"line":145,"column":2},"end":{"line":148,"column":3}},"57":{"start":{"line":147,"column":3},"end":{"line":147,"column":10}},"58":{"start":{"line":149,"column":2},"end":{"line":152,"column":3}},"59":{"start":{"line":151,"column":3},"end":{"line":151,"column":68}},"60":{"start":{"line":158,"column":1},"end":{"line":192,"column":2}},"61":{"start":{"line":160,"column":2},"end":{"line":160,"column":24}},"62":{"start":{"line":161,"column":2},"end":{"line":191,"column":3}},"63":{"start":{"line":163,"column":3},"end":{"line":173,"column":4}},"64":{"start":{"line":165,"column":4},"end":{"line":165,"column":60}},"65":{"start":{"line":167,"column":4},"end":{"line":172,"column":5}},"66":{"start":{"line":169,"column":5},"end":{"line":169,"column":48}},"67":{"start":{"line":170,"column":5},"end":{"line":170,"column":61}},"68":{"start":{"line":171,"column":5},"end":{"line":171,"column":40}},"69":{"start":{"line":174,"column":3},"end":{"line":174,"column":39}},"70":{"start":{"line":175,"column":3},"end":{"line":178,"column":4}},"71":{"start":{"line":177,"column":4},"end":{"line":177,"column":35}},"72":{"start":{"line":179,"column":3},"end":{"line":179,"column":43}},"73":{"start":{"line":180,"column":3},"end":{"line":180,"column":27}},"74":{"start":{"line":181,"column":3},"end":{"line":190,"column":4}},"75":{"start":{"line":183,"column":4},"end":{"line":183,"column":19}},"76":{"start":{"line":188,"column":4},"end":{"line":188,"column":50}},"77":{"start":{"line":189,"column":4},"end":{"line":189,"column":37}},"78":{"start":{"line":197,"column":1},"end":{"line":222,"column":3}},"79":{"start":{"line":199,"column":2},"end":{"line":202,"column":3}},"80":{"start":{"line":201,"column":3},"end":{"line":201,"column":20}},"81":{"start":{"line":203,"column":2},"end":{"line":206,"column":3}},"82":{"start":{"line":205,"column":3},"end":{"line":205,"column":29}},"83":{"start":{"line":207,"column":2},"end":{"line":207,"column":23}},"84":{"start":{"line":209,"column":2},"end":{"line":211,"column":5}},"85":{"start":{"line":210,"column":3},"end":{"line":210,"column":25}},"86":{"start":{"line":212,"column":2},"end":{"line":221,"column":3}},"87":{"start":{"line":214,"column":3},"end":{"line":214,"column":42}},"88":{"start":{"line":215,"column":3},"end":{"line":215,"column":45}},"89":{"start":{"line":216,"column":3},"end":{"line":216,"column":26}},"90":{"start":{"line":220,"column":3},"end":{"line":220,"column":23}},"91":{"start":{"line":228,"column":0},"end":{"line":237,"column":1}},"92":{"start":{"line":230,"column":1},"end":{"line":235,"column":3}},"93":{"start":{"line":236,"column":1},"end":{"line":236,"column":37}},"94":{"start":{"line":243,"column":0},"end":{"line":252,"column":1}},"95":{"start":{"line":245,"column":1},"end":{"line":250,"column":3}},"96":{"start":{"line":251,"column":1},"end":{"line":251,"column":37}},"97":{"start":{"line":258,"column":0},"end":{"line":261,"column":2}},"98":{"start":{"line":260,"column":1},"end":{"line":260,"column":53}},"99":{"start":{"line":264,"column":0},"end":{"line":267,"column":1}},"100":{"start":{"line":266,"column":1},"end":{"line":266,"column":28}}},"branchMap":{"1":{"line":52,"type":"if","locations":[{"start":{"line":52,"column":1},"end":{"line":52,"column":1}},{"start":{"line":52,"column":1},"end":{"line":52,"column":1}}]},"2":{"line":57,"type":"binary-expr","locations":[{"start":{"line":57,"column":23},"end":{"line":57,"column":42}},{"start":{"line":57,"column":46},"end":{"line":57,"column":47}}]},"3":{"line":58,"type":"if","locations":[{"start":{"line":58,"column":1},"end":{"line":58,"column":1}},{"start":{"line":58,"column":1},"end":{"line":58,"column":1}}]},"4":{"line":62,"type":"if","locations":[{"start":{"line":62,"column":1},"end":{"line":62,"column":1}},{"start":{"line":62,"column":1},"end":{"line":62,"column":1}}]},"5":{"line":66,"type":"if","locations":[{"start":{"line":66,"column":1},"end":{"line":66,"column":1}},{"start":{"line":66,"column":1},"end":{"line":66,"column":1}}]},"6":{"line":66,"type":"binary-expr","locations":[{"start":{"line":66,"column":5},"end":{"line":66,"column":39}},{"start":{"line":66,"column":43},"end":{"line":66,"column":78}},{"start":{"line":66,"column":82},"end":{"line":66,"column":114}}]},"7":{"line":71,"type":"if","locations":[{"start":{"line":71,"column":1},"end":{"line":71,"column":1}},{"start":{"line":71,"column":1},"end":{"line":71,"column":1}}]},"8":{"line":71,"type":"binary-expr","locations":[{"start":{"line":71,"column":5},"end":{"line":71,"column":13}},{"start":{"line":71,"column":17},"end":{"line":71,"column":38}}]},"9":{"line":76,"type":"if","locations":[{"start":{"line":76,"column":1},"end":{"line":76,"column":1}},{"start":{"line":76,"column":1},"end":{"line":76,"column":1}}]},"10":{"line":78,"type":"if","locations":[{"start":{"line":78,"column":2},"end":{"line":78,"column":2}},{"start":{"line":78,"column":2},"end":{"line":78,"column":2}}]},"11":{"line":121,"type":"if","locations":[{"start":{"line":121,"column":2},"end":{"line":121,"column":2}},{"start":{"line":121,"column":2},"end":{"line":121,"column":2}}]},"12":{"line":134,"type":"if","locations":[{"start":{"line":134,"column":2},"end":{"line":134,"column":2}},{"start":{"line":134,"column":2},"end":{"line":134,"column":2}}]},"13":{"line":136,"type":"if","locations":[{"start":{"line":136,"column":3},"end":{"line":136,"column":3}},{"start":{"line":136,"column":3},"end":{"line":136,"column":3}}]},"14":{"line":140,"type":"if","locations":[{"start":{"line":140,"column":3},"end":{"line":140,"column":3}},{"start":{"line":140,"column":3},"end":{"line":140,"column":3}}]},"15":{"line":145,"type":"if","locations":[{"start":{"line":145,"column":2},"end":{"line":145,"column":2}},{"start":{"line":145,"column":2},"end":{"line":145,"column":2}}]},"16":{"line":145,"type":"binary-expr","locations":[{"start":{"line":145,"column":6},"end":{"line":145,"column":18}},{"start":{"line":145,"column":22},"end":{"line":145,"column":26}}]},"17":{"line":149,"type":"if","locations":[{"start":{"line":149,"column":2},"end":{"line":149,"column":2}},{"start":{"line":149,"column":2},"end":{"line":149,"column":2}}]},"18":{"line":163,"type":"if","locations":[{"start":{"line":163,"column":3},"end":{"line":163,"column":3}},{"start":{"line":163,"column":3},"end":{"line":163,"column":3}}]},"19":{"line":167,"type":"if","locations":[{"start":{"line":167,"column":4},"end":{"line":167,"column":4}},{"start":{"line":167,"column":4},"end":{"line":167,"column":4}}]},"20":{"line":175,"type":"if","locations":[{"start":{"line":175,"column":3},"end":{"line":175,"column":3}},{"start":{"line":175,"column":3},"end":{"line":175,"column":3}}]},"21":{"line":181,"type":"if","locations":[{"start":{"line":181,"column":3},"end":{"line":181,"column":3}},{"start":{"line":181,"column":3},"end":{"line":181,"column":3}}]},"22":{"line":199,"type":"if","locations":[{"start":{"line":199,"column":2},"end":{"line":199,"column":2}},{"start":{"line":199,"column":2},"end":{"line":199,"column":2}}]},"23":{"line":203,"type":"if","locations":[{"start":{"line":203,"column":2},"end":{"line":203,"column":2}},{"start":{"line":203,"column":2},"end":{"line":203,"column":2}}]},"24":{"line":212,"type":"if","locations":[{"start":{"line":212,"column":2},"end":{"line":212,"column":2}},{"start":{"line":212,"column":2},"end":{"line":212,"column":2}}]},"25":{"line":264,"type":"if","locations":[{"start":{"line":264,"column":0},"end":{"line":264,"column":0}},{"start":{"line":264,"column":0},"end":{"line":264,"column":0}}]}},"code":["'use strict';","","/**"," * Load Test a URL, website or websocket."," * (C) 2013 Alex Fernández."," */","","","// requires","require('prototypes');","var Log = require('log');","var http = require('http');","var https = require('https');","var testing = require('testing');","var httpClient = require('./httpClient.js');","var websocket = require('./websocket.js');","var timing = require('./timing.js');","","// globals","var log = new Log('info');","","// constants","var SHOW_INTERVAL_MS = 5000;","","// init","http.globalAgent.maxSockets = 1000;","https.globalAgent.maxSockets = 1000;","","","/**"," * Run a load test."," * Options is an object which may have:"," *\t- url: mandatory URL to access."," *\t- concurrency: how many concurrent clients to use."," *\t- maxRequests: how many requests to send"," *\t- maxSeconds: how long to run the tests."," *\t- cookies: a string or an array of strings, each with name:value."," *\t- headers: a map with headers: {key1: value1, key2: value2}."," *\t- method: the method to use: POST, PUT. Default: GET, what else."," *\t- body: the contents to send along a POST or PUT request."," *\t- contentType: the MIME type to use for the body, default text/plain."," *\t- requestsPerSecond: how many requests per second to send."," *\t- agentKeepAlive: if true, then use connection keep-alive."," *\t- debug: show debug messages."," *\t- quiet: do not log any messages."," *\t- indexParam: string to replace with a unique index."," *\t- insecure: allow https using self-signed certs."," * An optional callback will be called if/when the test finishes."," */","exports.loadTest = function(options, callback)","{","\tif (!options.url)","\t{","\t\tlog.error('Missing URL in options');","\t\treturn;","\t}","\toptions.concurrency = options.concurrency || 1;","\tif (options.requestsPerSecond)","\t{","\t\toptions.requestsPerSecond = options.requestsPerSecond / options.concurrency;","\t}","\tif (options.debug)","\t{","\t\tlog.level = Log.DEBUG;","\t}","\tif (!options.url.startsWith('http://') && !options.url.startsWith('https://') && !options.url.startsWith('ws://'))","\t{","\t\tlog.error('Invalid URL %s, must be http://, https:// or ws://', options.url);","\t\treturn;","\t}","\tif (callback && !('quiet' in options))","\t{","\t\toptions.quiet = true;","\t}","","\tif (options.url.startsWith('ws:'))","\t{","\t\tif (options.requestsPerSecond)","\t\t{","\t\t\tlog.error('\"requestsPerSecond\" not supported for WebSockets');","\t\t}","\t}","","\tvar operation = new Operation(options, callback);","\toperation.start();","\treturn operation;","};","","/**"," * Used to keep track of individual load test Operation runs."," *"," * @type {number}"," */","var operationInstanceIndex = 0;","","/**"," * A load test operation."," */","var Operation = function(options, callback)","{","\t// self-reference","\tvar self = this;","","\t// attributes","\tself.running = true;","\tself.latency = null;","\tvar clients = {};","\tvar requests = 0;","\tvar showTimer;","\tvar stopTimeout;","","\tself.instanceIndex = operationInstanceIndex++;","","\t/**","\t * Start the operation.","\t */","\tself.start = function()","\t{","\t\tself.latency = new timing.Latency(options);","\t\tstartClients();","\t\tif (options.maxSeconds)","\t\t{","\t\t\tstopTimeout = setTimeout(self.stop, options.maxSeconds * 1000);","\t\t}","\t\tshowTimer = new timing.HighResolutionTimer(SHOW_INTERVAL_MS, self.latency.showPartial);","\t};","","\t/**","\t * Call after each operation has finished.","\t */","\tself.callback = function(error, result, next)","\t{","\t\trequests += 1;","\t\tif (options.maxRequests)","\t\t{","\t\t\tif (requests == options.maxRequests)","\t\t\t{","\t\t\t\tself.stop();","\t\t\t}","\t\t\tif (requests > options.maxRequests)","\t\t\t{","\t\t\t\tlog.debug('Should have no more running clients');","\t\t\t}","\t\t}","\t\tif (self.running && next)","\t\t{","\t\t\tnext();","\t\t}","\t\tif (options.statusCallback)","\t\t{","\t\t\toptions.statusCallback(error, result, self.latency.getResults());","\t\t}","\t};","","\t/**","\t * Start a number of measuring clients.","\t */","\tfunction startClients()","\t{","\t\tvar url = options.url;","\t\tfor (var index = 0; index < options.concurrency; index++)","\t\t{","\t\t\tif (options.indexParam)","\t\t\t{","\t\t\t\toptions.url = url.replaceAll(options.indexParam, index);","","\t\t\t\tif(options.body)","\t\t\t\t{","\t\t\t\t\tvar strBody = JSON.stringify(options.body);","\t\t\t\t\tstrBody = strBody.replaceAll(options.indexParam, index);","\t\t\t\t\toptions.body = JSON.parse(strBody);","\t\t\t\t}","\t\t\t}\t\t\t","\t\t\tvar constructor = httpClient.create;","\t\t\tif (options.url.startsWith('ws:'))// TODO: || options.url.startsWith('wss:'))","\t\t\t{","\t\t\t\tconstructor = websocket.create;","\t\t\t}","\t\t\tvar client = constructor(self, options);","\t\t\tclients[index] = client;","\t\t\tif (!options.requestsPerSecond)","\t\t\t{","\t\t\t\tclient.start();","\t\t\t}","\t\t\telse","\t\t\t{","\t\t\t\t// start each client at a random moment in one second","\t\t\t\tvar offset = Math.floor(Math.random() * 1000);","\t\t\t\tsetTimeout(client.start, offset);","\t\t\t}","\t\t}","\t}","","\t/**","\t * Stop clients.","\t */","\tself.stop = function()","\t{","\t\tif (showTimer)","\t\t{","\t\t\tshowTimer.stop();","\t\t}","\t\tif (stopTimeout)","\t\t{","\t\t\tclearTimeout(stopTimeout);","\t\t}","\t\tself.running = false;","","\t\tObject.keys(clients).forEach(function(index) {","\t\t\tclients[index].stop();","\t\t});","\t\tif (callback)","\t\t{","\t\t\tvar result = self.latency.getResults();","\t\t\tresult.instanceIndex = this.instanceIndex;","\t\t\tcallback(null, result);","\t\t}","\t\telse","\t\t{","\t\t\tself.latency.show();","\t\t}","\t};","};","","/**"," * A load test with max seconds."," */","function testMaxSeconds(callback)","{","\tvar options = {","\t\turl: 'http://localhost:7357/',","\t\tmaxSeconds: 0.1,","\t\tconcurrency: 1,","\t\tquiet: true,","\t};","\texports.loadTest(options, callback);","}","","","/**"," * A load test with max seconds."," */","function testWSEcho(callback)","{","\tvar options = {","\t\turl: 'ws://localhost:7357/',","\t\tmaxSeconds: 0.1,","\t\tconcurrency: 1,","\t\tquiet: true,","\t};","\texports.loadTest(options, callback);","}","","","/**"," * Run all tests."," */","exports.test = function(callback)","{","\ttesting.run([testMaxSeconds, testWSEcho], callback);","};","","// run tests if invoked directly","if (__filename == process.argv[1])","{","\texports.test(testing.show);","}","",""],"l":{"10":1,"11":1,"12":1,"13":1,"14":1,"15":1,"16":1,"17":1,"20":1,"23":1,"26":1,"27":1,"50":1,"52":0,"54":0,"55":0,"57":0,"58":0,"60":0,"62":0,"64":0,"66":0,"68":0,"69":0,"71":0,"73":0,"76":0,"78":0,"80":0,"84":0,"85":0,"86":0,"94":1,"99":1,"102":0,"105":0,"106":0,"107":0,"108":0,"109":0,"110":0,"112":0,"117":0,"119":0,"120":0,"121":0,"123":0,"125":0,"131":0,"133":0,"134":0,"136":0,"138":0,"140":0,"142":0,"145":0,"147":0,"149":0,"151":0,"158":1,"160":0,"161":0,"163":0,"165":0,"167":0,"169":0,"170":0,"171":0,"174":0,"175":0,"177":0,"179":0,"180":0,"181":0,"183":0,"188":0,"189":0,"197":0,"199":0,"201":0,"203":0,"205":0,"207":0,"209":0,"210":0,"212":0,"214":0,"215":0,"216":0,"220":0,"228":1,"230":0,"236":0,"243":1,"245":0,"251":0,"258":1,"260":0,"264":1,"266":0}},"/home/travis/build/npmtest/node-npmtest-loadtest/node_modules/loadtest/lib/httpClient.js":{"path":"/home/travis/build/npmtest/node-npmtest-loadtest/node_modules/loadtest/lib/httpClient.js","s":{"1":1,"2":1,"3":1,"4":1,"5":1,"6":1,"7":1,"8":1,"9":1,"10":1,"11":1,"12":0,"13":1,"14":0,"15":0,"16":0,"17":0,"18":1,"19":0,"20":0,"21":0,"22":1,"23":0,"24":0,"25":0,"26":0,"27":0,"28":0,"29":0,"30":0,"31":0,"32":0,"33":0,"34":0,"35":0,"36":0,"37":0,"38":0,"39":0,"40":0,"41":0,"42":0,"43":0,"44":0,"45":0,"46":0,"47":0,"48":0,"49":0,"50":0,"51":0,"52":0,"53":0,"54":0,"55":0,"56":0,"57":0,"58":0,"59":0,"60":0,"61":0,"62":0,"63":0,"64":0,"65":0,"66":0,"67":0,"68":0,"69":0,"70":0,"71":0,"72":0,"73":0,"74":0,"75":0,"76":0,"77":0,"78":0,"79":0,"80":0,"81":0,"82":0,"83":0,"84":0,"85":0,"86":0,"87":0,"88":0,"89":0,"90":0,"91":0,"92":0,"93":0,"94":0,"95":0,"96":0,"97":0,"98":0,"99":0,"100":0,"101":0,"102":1,"103":0,"104":0,"105":0,"106":0,"107":0,"108":0,"109":0,"110":0,"111":0,"112":0,"113":0,"114":0,"115":0,"116":0,"117":0,"118":0,"119":0,"120":0,"121":0,"122":0,"123":1,"124":0,"125":0,"126":0,"127":0,"128":0,"129":0,"130":0,"131":0,"132":0,"133":0,"134":0,"135":0,"136":0,"137":0,"138":1,"139":0,"140":0,"141":0,"142":1,"143":0,"144":1,"145":0},"b":{"1":[0,0],"2":[0,0],"3":[0,0],"4":[0,0],"5":[0,0],"6":[0,0],"7":[0,0],"8":[0,0],"9":[0,0],"10":[0,0],"11":[0,0],"12":[0,0],"13":[0,0],"14":[0,0],"15":[0,0],"16":[0,0],"17":[0,0],"18":[0,0],"19":[0,0],"20":[0,0],"21":[0,0],"22":[0,0],"23":[0,0],"24":[0,0],"25":[0,0],"26":[0,0],"27":[0,0],"28":[0,0],"29":[0,0],"30":[0,0],"31":[0,0],"32":[0,0],"33":[0,0],"34":[0,0],"35":[0,1]},"f":{"1":0,"2":0,"3":0,"4":0,"5":0,"6":0,"7":0,"8":0,"9":0,"10":0,"11":0,"12":0,"13":0,"14":0,"15":0,"16":0,"17":0,"18":0,"19":0},"fnMap":{"1":{"name":"(anonymous_1)","line":28,"loc":{"start":{"line":28,"column":17},"end":{"line":29,"column":0}}},"2":{"name":"HttpClient","line":40,"loc":{"start":{"line":40,"column":0},"end":{"line":41,"column":0}}},"3":{"name":"identity","line":50,"loc":{"start":{"line":50,"column":1},"end":{"line":51,"column":1}}},"4":{"name":"(anonymous_4)","line":52,"loc":{"start":{"line":52,"column":9},"end":{"line":52,"column":20}}},"5":{"name":"init","line":61,"loc":{"start":{"line":61,"column":1},"end":{"line":62,"column":1}}},"6":{"name":"(anonymous_6)","line":141,"loc":{"start":{"line":141,"column":14},"end":{"line":142,"column":1}}},"7":{"name":"(anonymous_7)","line":154,"loc":{"start":{"line":154,"column":13},"end":{"line":155,"column":1}}},"8":{"name":"(anonymous_8)","line":165,"loc":{"start":{"line":165,"column":20},"end":{"line":166,"column":1}}},"9":{"name":"(anonymous_9)","line":216,"loc":{"start":{"line":216,"column":31},"end":{"line":217,"column":3}}},"10":{"name":"(anonymous_10)","line":225,"loc":{"start":{"line":225,"column":22},"end":{"line":226,"column":2}}},"11":{"name":"getRequestFinisher","line":235,"loc":{"start":{"line":235,"column":1},"end":{"line":236,"column":1}}},"12":{"name":"(anonymous_12)","line":237,"loc":{"start":{"line":237,"column":9},"end":{"line":238,"column":2}}},"13":{"name":"getConnect","line":281,"loc":{"start":{"line":281,"column":1},"end":{"line":282,"column":1}}},"14":{"name":"(anonymous_14)","line":284,"loc":{"start":{"line":284,"column":9},"end":{"line":285,"column":2}}},"15":{"name":"(anonymous_15)","line":288,"loc":{"start":{"line":288,"column":25},"end":{"line":289,"column":3}}},"16":{"name":"(anonymous_16)","line":293,"loc":{"start":{"line":293,"column":26},"end":{"line":294,"column":3}}},"17":{"name":"(anonymous_17)","line":297,"loc":{"start":{"line":297,"column":24},"end":{"line":298,"column":3}}},"18":{"name":"testHttpClient","line":317,"loc":{"start":{"line":317,"column":0},"end":{"line":318,"column":0}}},"19":{"name":"(anonymous_19)","line":333,"loc":{"start":{"line":333,"column":15},"end":{"line":334,"column":0}}}},"statementMap":{"1":{"start":{"line":10,"column":0},"end":{"line":10,"column":22}},"2":{"start":{"line":11,"column":0},"end":{"line":11,"column":33}},"3":{"start":{"line":12,"column":0},"end":{"line":12,"column":28}},"4":{"start":{"line":13,"column":0},"end":{"line":13,"column":27}},"5":{"start":{"line":14,"column":0},"end":{"line":14,"column":29}},"6":{"start":{"line":15,"column":0},"end":{"line":15,"column":37}},"7":{"start":{"line":16,"column":0},"end":{"line":16,"column":25}},"8":{"start":{"line":17,"column":0},"end":{"line":17,"column":36}},"9":{"start":{"line":18,"column":0},"end":{"line":18,"column":38}},"10":{"start":{"line":21,"column":0},"end":{"line":21,"column":26}},"11":{"start":{"line":28,"column":0},"end":{"line":31,"column":2}},"12":{"start":{"line":30,"column":1},"end":{"line":30,"column":42}},"13":{"start":{"line":40,"column":0},"end":{"line":315,"column":1}},"14":{"start":{"line":43,"column":1},"end":{"line":43,"column":17}},"15":{"start":{"line":46,"column":1},"end":{"line":46,"column":18}},"16":{"start":{"line":47,"column":1},"end":{"line":47,"column":13}},"17":{"start":{"line":48,"column":1},"end":{"line":48,"column":21}},"18":{"start":{"line":50,"column":1},"end":{"line":53,"column":2}},"19":{"start":{"line":52,"column":2},"end":{"line":52,"column":36}},"20":{"start":{"line":52,"column":22},"end":{"line":52,"column":33}},"21":{"start":{"line":56,"column":1},"end":{"line":56,"column":8}},"22":{"start":{"line":61,"column":1},"end":{"line":136,"column":2}},"23":{"start":{"line":63,"column":2},"end":{"line":63,"column":37}},"24":{"start":{"line":64,"column":2},"end":{"line":64,"column":23}},"25":{"start":{"line":65,"column":2},"end":{"line":68,"column":3}},"26":{"start":{"line":67,"column":3},"end":{"line":67,"column":36}},"27":{"start":{"line":69,"column":2},"end":{"line":73,"column":3}},"28":{"start":{"line":71,"column":3},"end":{"line":71,"column":30}},"29":{"start":{"line":72,"column":3},"end":{"line":72,"column":28}},"30":{"start":{"line":74,"column":2},"end":{"line":74,"column":24}},"31":{"start":{"line":75,"column":2},"end":{"line":88,"column":3}},"32":{"start":{"line":77,"column":3},"end":{"line":77,"column":117}},"33":{"start":{"line":78,"column":3},"end":{"line":78,"column":23}},"34":{"start":{"line":79,"column":3},"end":{"line":82,"column":4}},"35":{"start":{"line":81,"column":4},"end":{"line":81,"column":55}},"36":{"start":{"line":83,"column":3},"end":{"line":87,"column":6}},"37":{"start":{"line":89,"column":2},"end":{"line":92,"column":3}},"38":{"start":{"line":91,"column":3},"end":{"line":91,"column":34}},"39":{"start":{"line":93,"column":2},"end":{"line":115,"column":3}},"40":{"start":{"line":95,"column":3},"end":{"line":113,"column":4}},"41":{"start":{"line":97,"column":4},"end":{"line":97,"column":38}},"42":{"start":{"line":98,"column":4},"end":{"line":98,"column":44}},"43":{"start":{"line":100,"column":8},"end":{"line":113,"column":4}},"44":{"start":{"line":102,"column":4},"end":{"line":102,"column":36}},"45":{"start":{"line":103,"column":4},"end":{"line":103,"column":44}},"46":{"start":{"line":105,"column":8},"end":{"line":113,"column":4}},"47":{"start":{"line":107,"column":4},"end":{"line":107,"column":40}},"48":{"start":{"line":108,"column":4},"end":{"line":108,"column":34}},"49":{"start":{"line":112,"column":4},"end":{"line":112,"column":59}},"50":{"start":{"line":114,"column":3},"end":{"line":114,"column":72}},"51":{"start":{"line":116,"column":2},"end":{"line":130,"column":3}},"52":{"start":{"line":118,"column":3},"end":{"line":129,"column":4}},"53":{"start":{"line":120,"column":4},"end":{"line":120,"column":56}},"54":{"start":{"line":122,"column":8},"end":{"line":129,"column":4}},"55":{"start":{"line":124,"column":4},"end":{"line":124,"column":44}},"56":{"start":{"line":128,"column":4},"end":{"line":128,"column":89}},"57":{"start":{"line":131,"column":2},"end":{"line":131,"column":40}},"58":{"start":{"line":132,"column":2},"end":{"line":134,"column":3}},"59":{"start":{"line":133,"column":3},"end":{"line":133,"column":50}},"60":{"start":{"line":135,"column":2},"end":{"line":135,"column":36}},"61":{"start":{"line":141,"column":1},"end":{"line":149,"column":3}},"62":{"start":{"line":143,"column":2},"end":{"line":146,"column":3}},"63":{"start":{"line":145,"column":3},"end":{"line":145,"column":29}},"64":{"start":{"line":147,"column":2},"end":{"line":147,"column":49}},"65":{"start":{"line":148,"column":2},"end":{"line":148,"column":76}},"66":{"start":{"line":154,"column":1},"end":{"line":160,"column":3}},"67":{"start":{"line":156,"column":2},"end":{"line":159,"column":3}},"68":{"start":{"line":158,"column":3},"end":{"line":158,"column":23}},"69":{"start":{"line":165,"column":1},"end":{"line":230,"column":3}},"70":{"start":{"line":167,"column":2},"end":{"line":170,"column":3}},"71":{"start":{"line":169,"column":3},"end":{"line":169,"column":10}},"72":{"start":{"line":171,"column":2},"end":{"line":171,"column":37}},"73":{"start":{"line":172,"column":2},"end":{"line":172,"column":47}},"74":{"start":{"line":173,"column":2},"end":{"line":173,"column":17}},"75":{"start":{"line":174,"column":2},"end":{"line":177,"column":3}},"
[...]
quest.url, util.inspect(request.headers));","\t\tif (request.body)","\t\t{","\t\t\tlog.info('Body: %s', request.body);","\t\t}","\t}","","\t/**","\t * End the response now.","\t */","\tfunction end(response, id)","\t{","\t\tif (shouldError())","\t\t{","\t\t\tvar code = options.error || 500;","\t\t\tresponse.writeHead(code);","\t\t\tresponse.end('ERROR');","\t\t}","\t\telse","\t\t{","\t\t\tresponse.end('OK');","\t\t}","\t\tlatency.end(id);","\t}","","\tfunction shouldError()","\t{","\t\tif (!options.percent)","\t\t{","\t\t\tif (options.error)","\t\t\t{","\t\t\t\treturn true;","\t\t\t}","\t\t\treturn false;","\t\t}","\t\tvar percent = parseInt(options.percent, 10);","\t\tif (!percent)","\t\t{","\t\t\tlog.error('Invalid error percent %s', options.percent);","\t\t\treturn false;","\t\t}","\t\treturn (Math.random() < percent / 100);","\t}","}","","/**"," * Start a test server. Options can contain:"," *\t- port: the port to use, default 7357."," *\t- delay: wait the given milliseconds before answering."," *\t- quiet: do not log any messages."," *\t- percent: give an error (default 500) on some % of requests."," *\t- error: set an HTTP error code, default is 500."," * An optional callback is called after the server has started."," * In this case the quiet option is enabled."," */","exports.startServer = function(options, callback)","{","\tif (callback)","\t{","\t\toptions.quiet = true;","\t}","\tvar server = new TestServer(options);","\treturn server.start(callback);","};","","function testStartServer(callback)","{","\tvar options = {","\t\tport: 10530,","\t};","\tvar server = exports.startServer(options, function(error)","\t{","\t\ttesting.check(error, 'Could not start server', callback);","\t\tserver.close(function(error)","\t\t{","\t\t\ttesting.check(error, 'Could not stop server', callback);","\t\t\ttesting.success(callback);","\t\t});","\t});","}","","/**"," * Run the tests."," */","exports.test = function(callback)","{","\ttesting.run([testStartServer], 5000, callback);","};","","// start server if invoked directly","if (__filename == process.argv[1])","{","\texports.test(testing.show);","}","",""],"l":{"10":1,"11":1,"12":1,"13":1,"14":1,"15":1,"16":1,"17":1,"20":1,"23":1,"24":1,"30":1,"33":0,"36":0,"37":0,"38":0,"39":0,"42":0,"44":0,"51":0,"53":0,"56":0,"60":0,"62":0,"67":0,"69":0,"71":0,"73":0,"75":0,"77":0,"78":0,"80":0,"83":0,"86":0,"87":0,"88":0,"90":0,"92":0,"93":0,"95":0,"97":0,"98":0,"101":0,"103":0,"106":0,"112":1,"114":0,"116":0,"118":0,"124":1,"126":0,"127":0,"128":0,"130":0,"132":0,"134":0,"135":0,"137":0,"138":0,"140":0,"142":0,"144":0,"146":0,"154":1,"156":0,"158":0,"159":0,"161":0,"167":1,"169":0,"175":1,"177":0,"178":0,"180":0,"187":1,"189":0,"191":0,"192":0,"193":0,"197":0,"199":0,"202":1,"204":0,"206":0,"208":0,"210":0,"212":0,"213":0,"215":0,"216":0,"218":0,"232":1,"234":0,"236":0,"238":0,"239":0,"242":1,"244":0,"247":0,"249":0,"250":0,"252":0,"253":0,"261":1,"263":0,"267":1,"269":0}},"/home/travis/build/npmtest/node-npmtest-loadtest/node_modules/loadtest/lib/integration.js":{"path":"/home/travis/build/npmtest/node-npmtest-loadtest/node_modules/loadtest/lib/integration.js","s":{"1":1,"2":1,"3":1,"4":1,"5":1,"6":1,"7":1,"8":1,"9":0,"10":0,"11":0,"12":0,"13":0,"14":0,"15":0,"16":0,"17":0,"18":0,"19":0,"20":1,"21":0,"22":0,"23":0,"24":0,"25":0,"26":0,"27":0,"28":0,"29":0,"30":0,"31":0,"32":1,"33":0,"34":0,"35":0,"36":0,"37":0,"38":0,"39":0,"40":0,"41":0,"42":0,"43":0,"44":0,"45":0,"46":0,"47":0,"48":1,"49":0,"50":0,"51":1,"52":0},"b":{"1":[0,0],"2":[0,0],"3":[0,0],"4":[0,0],"5":[0,0],"6":[0,0],"7":[0,0],"8":[0,0],"9":[0,0],"10":[0,1]},"f":{"1":0,"2":0,"3":0,"4":0,"5":0,"6":0,"7":0,"8":0,"9":0,"10":0,"11":0,"12":0,"13":0},"fnMap":{"1":{"name":"testIntegration","line":26,"loc":{"start":{"line":26,"column":0},"end":{"line":27,"column":0}}},"2":{"name":"(anonymous_2)","line":28,"loc":{"start":{"line":28,"column":53},"end":{"line":29,"column":1}}},"3":{"name":"(anonymous_3)","line":43,"loc":{"start":{"line":43,"column":29},"end":{"line":44,"column":2}}},"4":{"name":"(anonymous_4)","line":49,"loc":{"start":{"line":49,"column":16},"end":{"line":50,"column":3}}},"5":{"name":"testWSIntegration","line":66,"loc":{"start":{"line":66,"column":0},"end":{"line":67,"column":0}}},"6":{"name":"(anonymous_6)","line":68,"loc":{"start":{"line":68,"column":53},"end":{"line":69,"column":1}}},"7":{"name":"(anonymous_7)","line":87,"loc":{"start":{"line":87,"column":29},"end":{"line":88,"column":2}}},"8":{"name":"(anonymous_8)","line":93,"loc":{"start":{"line":93,"column":16},"end":{"line":94,"column":3}}},"9":{"name":"testDelay","line":108,"loc":{"start":{"line":108,"column":0},"end":{"line":109,"column":0}}},"10":{"name":"(anonymous_10)","line":115,"loc":{"start":{"line":115,"column":46},"end":{"line":116,"column":1}}},"11":{"name":"(anonymous_11)","line":125,"loc":{"start":{"line":125,"column":29},"end":{"line":126,"column":2}}},"12":{"name":"(anonymous_12)","line":131,"loc":{"start":{"line":131,"column":16},"end":{"line":132,"column":3}}},"13":{"name":"(anonymous_13)","line":148,"loc":{"start":{"line":148,"column":15},"end":{"line":149,"column":0}}}},"statementMap":{"1":{"start":{"line":10,"column":0},"end":{"line":10,"column":22}},"2":{"start":{"line":11,"column":0},"end":{"line":11,"column":40}},"3":{"start":{"line":12,"column":0},"end":{"line":12,"column":44}},"4":{"start":{"line":13,"column":0},"end":{"line":13,"column":33}},"5":{"start":{"line":14,"column":0},"end":{"line":14,"column":25}},"6":{"start":{"line":17,"column":0},"end":{"line":17,"column":27}},"7":{"start":{"line":20,"column":0},"end":{"line":20,"column":17}},"8":{"start":{"line":26,"column":0},"end":{"line":59,"column":1}},"9":{"start":{"line":28,"column":1},"end":{"line":58,"column":4}},"10":{"start":{"line":30,"column":2},"end":{"line":33,"column":3}},"11":{"start":{"line":32,"column":3},"end":{"line":32,"column":26}},"12":{"start":{"line":34,"column":2},"end":{"line":42,"column":4}},"13":{"start":{"line":43,"column":2},"end":{"line":57,"column":5}},"14":{"start":{"line":45,"column":3},"end":{"line":48,"column":4}},"15":{"start":{"line":47,"column":4},"end":{"line":47,"column":27}},"16":{"start":{"line":49,"column":3},"end":{"line":56,"column":6}},"17":{"start":{"line":51,"column":4},"end":{"line":54,"column":5}},"18":{"start":{"line":53,"column":5},"end":{"line":53,"column":28}},"19":{"start":{"line":55,"column":4},"end":{"line":55,"column":69}},"20":{"start":{"line":66,"column":0},"end":{"line":103,"column":1}},"21":{"start":{"line":68,"column":1},"end":{"line":102,"column":4}},"22":{"start":{"line":70,"column":2},"end":{"line":73,"column":3}},"23":{"start":{"line":72,"column":3},"end":{"line":72,"column":26}},"24":{"start":{"line":74,"column":2},"end":{"line":86,"column":4}},"25":{"start":{"line":87,"column":2},"end":{"line":101,"column":5}},"26":{"start":{"line":89,"column":3},"end":{"line":92,"column":4}},"27":{"start":{"line":91,"column":4},"end":{"line":91,"column":27}},"28":{"start":{"line":93,"column":3},"end":{"line":100,"column":6}},"29":{"start":{"line":95,"column":4},"end":{"line":98,"column":5}},"30":{"start":{"line":97,"column":5},"end":{"line":97,"column":28}},"31":{"start":{"line":99,"column":4},"end":{"line":99,"column":69}},"32":{"start":{"line":108,"column":0},"end":{"line":143,"column":1}},"33":{"start":{"line":110,"column":1},"end":{"line":110,"column":16}},"34":{"start":{"line":111,"column":1},"end":{"line":114,"column":3}},"35":{"start":{"line":115,"column":1},"end":{"line":142,"column":4}},"36":{"start":{"line":117,"column":2},"end":{"line":120,"column":3}},"37":{"start":{"line":119,"column":3},"end":{"line":119,"column":26}},"38":{"start":{"line":121,"column":2},"end":{"line":124,"column":4}},"39":{"start":{"line":125,"column":2},"end":{"line":141,"column":5}},"40":{"start":{"line":127,"column":3},"end":{"line":130,"column":4}},"41":{"start":{"line":129,"column":4},"end":{"line":129,"column":27}},"42":{"start":{"line":131,"column":3},"end":{"line":140,"column":6}},"43":{"start":{"line":133,"column":4},"end":{"line":136,"column":5}},"44":{"start":{"line":135,"column":5},"end":{"line":135,"column":28}},"45":{"start":{"line":137,"column":4},"end":{"line":137,"column":87}},"46":{"start":{"line":138,"column":4},"end":{"line":138,"column":131}},"47":{"start":{"line":139,"column":4},"end":{"line":139,"column":27}},"48":{"start":{"line":148,"column":0},"end":{"line":152,"column":2}},"49":{"start":{"line":150,"column":1},"end":{"line":150,"column":32}},"50":{"start":{"line":151,"column":1},"end":{"line":151,"column":78}},"51":{"start":{"line":155,"column":0},"end":{"line":158,"column":1}},"52":{"start":{"line":157,"column":1},"end":{"line":157,"column":28}}},"branchMap":{"1":{"line":30,"type":"if","locations":[{"start":{"line":30,"column":2},"end":{"line":30,"column":2}},{"start":{"line":30,"column":2},"end":{"line":30,"column":2}}]},"2":{"line":45,"type":"if","locations":[{"start":{"line":45,"column":3},"end":{"line":45,"column":3}},{"start":{"line":45,"column":3},"end":{"line":45,"column":3}}]},"3":{"line":51,"type":"if","locations":[{"start":{"line":51,"column":4},"end":{"line":51,"column":4}},{"start":{"line":51,"column":4},"end":{"line":51,"column":4}}]},"4":{"line":70,"type":"if","locations":[{"start":{"line":70,"column":2},"end":{"line":70,"column":2}},{"start":{"line":70,"column":2},"end":{"line":70,"column":2}}]},"5":{"line":89,"type":"if","locations":[{"start":{"line":89,"column":3},"end":{"line":89,"column":3}},{"start":{"line":89,"column":3},"end":{"line":89,"column":3}}]},"6":{"line":95,"type":"if","locations":[{"start":{"line":95,"column":4},"end":{"line":95,"column":4}},{"start":{"line":95,"column":4},"end":{"line":95,"column":4}}]},"7":{"line":117,"type":"if","locations":[{"start":{"line":117,"column":2},"end":{"line":117,"column":2}},{"start":{"line":117,"column":2},"end":{"line":117,"column":2}}]},"8":{"line":127,"type":"if","locations":[{"start":{"line":127,"column":3},"end":{"line":127,"column":3}},{"start":{"line":127,"column":3},"end":{"line":127,"column":3}}]},"9":{"line":133,"type":"if","locations":[{"start":{"line":133,"column":4},"end":{"line":133,"column":4}},{"start":{"line":133,"column":4},"end":{"line":133,"column":4}}]},"10":{"line":155,"type":"if","locations":[{"start":{"line":155,"column":0},"end":{"line":155,"column":0}},{"start":{"line":155,"column":0},"end":{"line":155,"column":0}}]}},"code":["'use strict';","","/**"," * API usage examples"," * (C) 2013 Alex Fernández."," */","","","// requires","require('prototypes');","var loadtest = require('./loadtest.js');","var testserver = require('./testserver.js');","var testing = require('testing');","var Log = require('log');","","// globals","var log = new Log('debug');","","// constants","var PORT = 10408;","","","/**"," * Run an integration test."," */","function testIntegration(callback)","{","\tvar server = testserver.startServer({ port: PORT }, function(error)","\t{","\t\tif (error)","\t\t{","\t\t\treturn callback(error);","\t\t}","\t\tvar options = {","\t\t\turl: 'http://localhost:' + PORT,","\t\t\tmaxRequests: 100,","\t\t\tconcurrency: 10,","\t\t\tmethod: 'POST',","\t\t\tbody: {","\t\t\t\thi: 'there',","\t\t\t},","\t\t};","\t\tloadtest.loadTest(options, function(error, result)","\t\t{","\t\t\tif (error)","\t\t\t{","\t\t\t\treturn callback(error);","\t\t\t}","\t\t\tserver.close(function(error)","\t\t\t{","\t\t\t\tif (error)","\t\t\t\t{","\t\t\t\t\treturn callback(error);","\t\t\t\t}","\t\t\t\treturn callback(null, 'Test results: ' + JSON.stringify(result));","\t\t\t});","\t\t});","\t});","}","","","","/**"," * Run an integration test."," */","function testWSIntegration(callback)","{","\tvar server = testserver.startServer({ port: PORT }, function(error)","\t{","\t\tif (error)","\t\t{","\t\t\treturn callback(error);","\t\t}","\t\tvar options = {","\t\t\turl: 'ws://localhost:' + PORT,","\t\t\tmaxRequests: 10,","\t\t\tconcurrency: 10,","\t\t\tbody: {","/*\t\t\t\tvar update = {","\t\t\t\t\trequestId: Math.floor(Math.random() * 0x100000000).toString(16),","\t\t\t\t\ttype: 'ping',","\t\t\t\t};*/","\t\t\t\ttype: 'ping',","\t\t\t\thi: 'there',","\t\t\t},","\t\t};","\t\tloadtest.loadTest(options, function(error, result)","\t\t{","\t\t\tif (error)","\t\t\t{","\t\t\t\treturn callback(error);","\t\t\t}","\t\t\tserver.close(function(error)","\t\t\t{","\t\t\t\tif (error)","\t\t\t\t{","\t\t\t\t\treturn callback(error);","\t\t\t\t}","\t\t\t\treturn callback(null, 'Test results: ' + JSON.stringify(result));","\t\t\t});","\t\t});","\t});","}","","/**"," * Run a delayed test."," */","function testDelay(callback)","{","\tvar delay = 10;","\tvar options = {","\t\tport: PORT + 1,","\t\tdelay: delay,","\t};","\tvar server = testserver.startServer(options, function(error)","\t{","\t\tif (error)","\t\t{","\t\t\treturn callback(error);","\t\t}","\t\toptions = {","\t\t\turl: 'http://localhost:' + (PORT + 1),","\t\t\tmaxRequests: 10,","\t\t};","\t\tloadtest.loadTest(options, function(error, result)","\t\t{","\t\t\tif (error)","\t\t\t{","\t\t\t\treturn callback(error);","\t\t\t}","\t\t\tserver.close(function(error)","\t\t\t{","\t\t\t\tif (error)","\t\t\t\t{","\t\t\t\t\treturn callback(error);","\t\t\t\t}","\t\t\t\ttesting.assertEquals(result.totalRequests, 10, 'Invalid total requests', callback);","\t\t\t\ttesting.assert(result.meanLatencyMs >= delay, 'Delay should be higher than %s, not %s', delay, result.meanLatencyMs, callback);","\t\t\t\tcallback(null, result);","\t\t\t});","\t\t});","\t});","}","","/**"," * Run all tests."," */","exports.test = function(callback)","{","\tlog.debug('Running all tests');","\ttesting.run([testIntegration, testDelay, testWSIntegration], 4000, callback);","};","","// start load test if invoked directly","if (__filename == process.argv[1])","{","\texports.test(testing.show);","}","",""],"l":{"10":1,"11":1,"12":1,"13":1,"14":1,"17":1,"20":1,"26":1,"28":0,"30":0,"32":0,"34":0,"43":0,"45":0,"47":0,"49":0,"51":0,"53":0,"55":0,"66":1,"68":0,"70":0,"72":0,"74":0,"87":0,"89":0,"91":0,"93":0,"95":0,"97":0,"99":0,"108":1,"110":0,"111":0,"115":0,"117":0,"119":0,"121":0,"125":0,"127":0,"129":0,"131":0,"133":0,"135":0,"137":0,"138":0,"139":0,"148":1,"150":0,"151":0,"155":1,"157":0}},"/home/travis/build/npmtest/node-npmtest-loadtest/node_modules/loadtest/lib/request-generator.js":{"path":"/home/travis/build/npmtest/node-npmtest-loadtest/node_modules/loadtest/lib/request-generator.js","s":{"1":1,"2":1,"3":1,"4":1,"5":1,"6":1,"7":1,"8":0,"9":0,"10":0,"11":0,"12":0,"13":0,"14":0,"15":0,"16":0,"17":0,"18":0,"19":0,"20":0,"21":0,"22":0,"23":0,"24":0,"25":1,"26":0,"27":0,"28":1,"29":0},"b":{"1":[0,0],"2":[0,0],"3":[0,0],"4":[0,1]},"f":{"1":0,"2":0,"3":0,"4":0,"5":0,"6":0},"fnMap":{"1":{"name":"testRequestGenerator","line":15,"loc":{"start":{"line":15,"column":0},"end":{"line":16,"column":0}}},"2":{"name":"(anonymous_2)","line":17,"loc":{"start":{"line":17,"column":51},"end":{"line":18,"column":1}}},"3":{"name":"(anonymous_3)","line":29,"loc":{"start":{"line":29,"column":21},"end":{"line":30,"column":3}}},"4":{"name":"(anonymous_4)","line":39,"loc":{"start":{"line":39,"column":29},"end":{"line":40,"column":2}}},"5":{"name":"(anonymous_5)","line":45,"loc":{"start":{"line":45,"column":16},"end":{"line":46,"column":3}}},"6":{"name":"(anonymous_6)","line":60,"loc":{"start":{"line":60,"column":15},"end":{"line":61,"column":0}}}},"statementMap":{"1":{"start":{"line":3,"column":0},"end":{"line":3,"column":40}},"2":{"start":{"line":4,"column":0},"end":{"line":4,"column":44}},"3":{"start":{"line":5,"column":0},"end":{"line":5,"column":33}},"4":{"start":{"line":6,"column":0},"end":{"line":6,"column":25}},"5":{"start":{"line":9,"column":0},"end":{"line":9,"column":26}},"6":{"start":{"line":12,"column":0},"end":{"line":12,"column":17}},"7":{"start":{"line":15,"column":0},"end":{"line":55,"column":1}},"8":{"start":{"line":17,"column":1},"end":{"line":54,"column":4}},"9":{"start":{"line":19,"column":2},"end":{"line":22,"column":3}},"10":{"start":{"line":21,"column":3},"end":{"line":21,"column":50}},"11":{"start":{"line":23,"column":2},"end":{"line":38,"column":4}},"12":{"start":{"line":31,"column":4},"end":{"line":31,"column":33}},"13":{"start":{"line":32,"column":4},"end":{"line":32,"column":55}},"14":{"start":{"line":33,"column":4},"end":{"line":33,"column":57}},"15":{"start":{"line":34,"column":4},"end":{"line":34,"column":44}},"16":{"start":{"line":35,"column":4},"end":{"line":35,"column":27}},"17":{"start":{"line":36,"column":4},"end":{"line":36,"column":19}},"18":{"start":{"line":39,"column":2},"end":{"line":53,"column":5}},"19":{"start":{"line":41,"column":3},"end":{"line":44,"column":4}},"20":{"start":{"line":43,"column":4},"end":{"line":43,"column":69}},"21":{"start":{"line":45,"column":3},"end":{"line":52,"column":6}},"22":{"start":{"line":47,"column":4},"end":{"line":50,"column":5}},"23":{"start":{"line":49,"column":5},"end":{"line":49,"column":52}},"24":{"start":{"line":51,"column":4},"end":{"line":51,"column":83}},"25":{"start":{"line":60,"column":0},"end":{"line":64,"column":2}},"26":{"start":{"line":62,"column":1},"end":{"line":62,"column":32}},"27":{"start":{"line":63,"column":1},"end":{"line":63,"column":53}},"28":{"start":{"line":67,"column":0},"end":{"line":70,"column":1}},"29":{"start":{"line":69,"column":0},"end":{"line":69,"column":27}}},"branchMap":{"1":{"line":19,"type":"if","locations":[{"start":{"line":19,"column":2},"end":{"line":19,"column":2}},{"start":{"line":19,"column":2},"end":{"line":19,"column":2}}]},"2":{"line":41,"type":"if","locations":[{"start":{"line":41,"column":3},"end":{"line":41,"column":3}},{"start":{"line":41,"column":3},"end":{"line":41,"column":3}}]},"3":{"line":47,"type":"if","locations":[{"start":{"line":47,"column":4},"end":{"line":47,"column":4}},{"start":{"line":47,"column":4},"end":{"line":47,"column":4}}]},"4":{"line":67,"type":"if","locations":[{"start":{"line":67,"column":0},"end":{"line":67,"column":0}},{"start":{"line":67,"column":0},"end":{"line":67,"column":0}}]}},"code":["'use strict';","","var loadtest = require('./loadtest.js');","var testserver = require('./testserver.js');","var testing = require('testing');","var Log = require('log');","","// globals","var log = new Log('info');","","// constants","var PORT = 10453;","","","function testRequestGenerator(callback)","{","\tvar server = testserver.startServer({port: PORT}, function(error)","\t{","\t\tif (error)","\t\t{","\t\t\treturn callback('Could not start test server');","\t\t}","\t\tvar options = {","\t\t\turl: 'http://localhost:' + PORT,","\t\t\tmethod: 'POST',","\t\t\trequestsPerSecond: 20,","\t\t\tmaxRequests: 100,","\t\t\tconcurrency: 10,","\t\t\trequestGenerator: function(params, options, client, callback)","\t\t\t{","\t\t\t\tvar message = '{\"hi\": \"ho\"}';","\t\t\t\toptions.headers['Content-Length'] = message.length;","\t\t\t\toptions.headers['Content-Type'] = 'application/json';","\t\t\t\tvar request = client(options, callback);","\t\t\t\trequest.write(message);","\t\t\t\treturn request;","\t\t\t},","\t\t};","\t\tloadtest.loadTest(options, function(error, result)","\t\t{","\t\t\tif (error)","\t\t\t{","\t\t\t\treturn callback('Could not run load test with requestGenerator');","\t\t\t}","\t\t\tserver.close(function(error)","\t\t\t{","\t\t\t\tif (error)","\t\t\t\t{","\t\t\t\t\treturn callback('Could not close test server');","\t\t\t\t}","\t\t\t\treturn callback(null, 'requestGenerator succeeded: ' + JSON.stringify(result));","\t\t\t});","\t\t});","\t});","}","","/**"," * Run all tests."," */","exports.test = function(callback)","{","\tlog.debug('Running all tests');","\ttesting.run([testRequestGenerator], 4000, callback);","};","","// start load test if invoked directly","if (__filename == process.argv[1])","{","exports.test(testing.show);","}","",""],"l":{"3":1,"4":1,"5":1,"6":1,"9":1,"12":1,"15":1,"17":0,"19":0,"21":0,"23":0,"31":0,"32":0,"33":0,"34":0,"35":0,"36":0,"39":0,"41":0,"43":0,"45":0,"47":0,"49":0,"51":0,"60":1,"62":0,"63":0,"67":1,"69":0}}}